[0.113s] DEBUG:colcon:Command line arguments: ['/usr/bin/colcon', 'build', '--symlink-install']
[0.113s] DEBUG:colcon:Parsed command line arguments: Namespace(log_base=None, log_level=None, verb_name='build', build_base='build', install_base='install', merge_install=False, symlink_install=True, test_result_base=None, continue_on_error=False, executor='parallel', parallel_workers=12, event_handlers=None, ignore_user_meta=False, metas=['./colcon.meta'], base_paths=['.'], packages_ignore=None, packages_ignore_regex=None, paths=None, packages_up_to=None, packages_up_to_regex=None, packages_above=None, packages_above_and_dependencies=None, packages_above_depth=None, packages_select_by_dep=None, packages_skip_by_dep=None, packages_skip_up_to=None, packages_select_build_failed=False, packages_skip_build_finished=False, packages_select_test_failures=False, packages_skip_test_passed=False, packages_select=None, packages_skip=None, packages_select_regex=None, packages_skip_regex=None, packages_start=None, packages_end=None, allow_overriding=[], cmake_args=None, cmake_target=None, cmake_target_skip_unavailable=False, cmake_clean_cache=False, cmake_clean_first=False, cmake_force_configure=False, ament_cmake_args=None, catkin_cmake_args=None, catkin_skip_building_tests=False, verb_parser=<colcon_defaults.argument_parser.defaults.DefaultArgumentsDecorator object at 0x782e79e3bdf0>, verb_extension=<colcon_core.verb.build.BuildVerb object at 0x782e79e3b8b0>, main=<bound method BuildVerb.main of <colcon_core.verb.build.BuildVerb object at 0x782e79e3b8b0>>)
[0.278s] Level 1:colcon.colcon_core.package_discovery:discover_packages(colcon_meta) check parameters
[0.278s] Level 1:colcon.colcon_core.package_discovery:discover_packages(recursive) check parameters
[0.278s] Level 1:colcon.colcon_core.package_discovery:discover_packages(ignore) check parameters
[0.278s] Level 1:colcon.colcon_core.package_discovery:discover_packages(path) check parameters
[0.278s] Level 1:colcon.colcon_core.package_discovery:discover_packages(colcon_meta) discover
[0.278s] Level 1:colcon.colcon_core.package_discovery:discover_packages(recursive) discover
[0.278s] INFO:colcon.colcon_core.package_discovery:Crawling recursively for packages in '/home/ali/Desktop/Ali engineering/GUC/Semester 10/Robotics/Robotics_project'
[0.278s] Level 1:colcon.colcon_core.package_identification:_identify(.) by extensions ['ignore', 'ignore_ament_install']
[0.279s] Level 1:colcon.colcon_core.package_identification:_identify(.) by extension 'ignore'
[0.279s] Level 1:colcon.colcon_core.package_identification:_identify(.) by extension 'ignore_ament_install'
[0.279s] Level 1:colcon.colcon_core.package_identification:_identify(.) by extensions ['colcon_pkg']
[0.279s] Level 1:colcon.colcon_core.package_identification:_identify(.) by extension 'colcon_pkg'
[0.279s] Level 1:colcon.colcon_core.package_identification:_identify(.) by extensions ['colcon_meta']
[0.279s] Level 1:colcon.colcon_core.package_identification:_identify(.) by extension 'colcon_meta'
[0.279s] Level 1:colcon.colcon_core.package_identification:_identify(.) by extensions ['ros']
[0.279s] Level 1:colcon.colcon_core.package_identification:_identify(.) by extension 'ros'
[0.292s] Level 1:colcon.colcon_core.package_identification:_identify(.) by extensions ['cmake', 'python']
[0.292s] Level 1:colcon.colcon_core.package_identification:_identify(.) by extension 'cmake'
[0.292s] Level 1:colcon.colcon_core.package_identification:_identify(.) by extension 'python'
[0.292s] Level 1:colcon.colcon_core.package_identification:_identify(.) by extensions ['python_setup_py']
[0.292s] Level 1:colcon.colcon_core.package_identification:_identify(.) by extension 'python_setup_py'
[0.292s] Level 1:colcon.colcon_core.package_identification:_identify(Milestone01) by extensions ['ignore', 'ignore_ament_install']
[0.292s] Level 1:colcon.colcon_core.package_identification:_identify(Milestone01) by extension 'ignore'
[0.292s] Level 1:colcon.colcon_core.package_identification:_identify(Milestone01) by extension 'ignore_ament_install'
[0.292s] Level 1:colcon.colcon_core.package_identification:_identify(Milestone01) by extensions ['colcon_pkg']
[0.292s] Level 1:colcon.colcon_core.package_identification:_identify(Milestone01) by extension 'colcon_pkg'
[0.292s] Level 1:colcon.colcon_core.package_identification:_identify(Milestone01) by extensions ['colcon_meta']
[0.292s] Level 1:colcon.colcon_core.package_identification:_identify(Milestone01) by extension 'colcon_meta'
[0.292s] Level 1:colcon.colcon_core.package_identification:_identify(Milestone01) by extensions ['ros']
[0.292s] Level 1:colcon.colcon_core.package_identification:_identify(Milestone01) by extension 'ros'
[0.292s] Level 1:colcon.colcon_core.package_identification:_identify(Milestone01) by extensions ['cmake', 'python']
[0.292s] Level 1:colcon.colcon_core.package_identification:_identify(Milestone01) by extension 'cmake'
[0.292s] Level 1:colcon.colcon_core.package_identification:_identify(Milestone01) by extension 'python'
[0.293s] Level 1:colcon.colcon_core.package_identification:_identify(Milestone01) by extensions ['python_setup_py']
[0.293s] Level 1:colcon.colcon_core.package_identification:_identify(Milestone01) by extension 'python_setup_py'
[0.293s] Level 1:colcon.colcon_core.package_identification:_identify(Milestone01/CAD_models) by extensions ['ignore', 'ignore_ament_install']
[0.293s] Level 1:colcon.colcon_core.package_identification:_identify(Milestone01/CAD_models) by extension 'ignore'
[0.293s] Level 1:colcon.colcon_core.package_identification:_identify(Milestone01/CAD_models) by extension 'ignore_ament_install'
[0.293s] Level 1:colcon.colcon_core.package_identification:_identify(Milestone01/CAD_models) by extensions ['colcon_pkg']
[0.293s] Level 1:colcon.colcon_core.package_identification:_identify(Milestone01/CAD_models) by extension 'colcon_pkg'
[0.293s] Level 1:colcon.colcon_core.package_identification:_identify(Milestone01/CAD_models) by extensions ['colcon_meta']
[0.293s] Level 1:colcon.colcon_core.package_identification:_identify(Milestone01/CAD_models) by extension 'colcon_meta'
[0.293s] Level 1:colcon.colcon_core.package_identification:_identify(Milestone01/CAD_models) by extensions ['ros']
[0.293s] Level 1:colcon.colcon_core.package_identification:_identify(Milestone01/CAD_models) by extension 'ros'
[0.293s] Level 1:colcon.colcon_core.package_identification:_identify(Milestone01/CAD_models) by extensions ['cmake', 'python']
[0.293s] Level 1:colcon.colcon_core.package_identification:_identify(Milestone01/CAD_models) by extension 'cmake'
[0.293s] Level 1:colcon.colcon_core.package_identification:_identify(Milestone01/CAD_models) by extension 'python'
[0.293s] Level 1:colcon.colcon_core.package_identification:_identify(Milestone01/CAD_models) by extensions ['python_setup_py']
[0.293s] Level 1:colcon.colcon_core.package_identification:_identify(Milestone01/CAD_models) by extension 'python_setup_py'
[0.293s] Level 1:colcon.colcon_core.package_identification:_identify(build) by extensions ['ignore', 'ignore_ament_install']
[0.293s] Level 1:colcon.colcon_core.package_identification:_identify(build) by extension 'ignore'
[0.293s] Level 1:colcon.colcon_core.package_identification:_identify(build) ignored
[0.294s] Level 1:colcon.colcon_core.package_identification:_identify(install) by extensions ['ignore', 'ignore_ament_install']
[0.294s] Level 1:colcon.colcon_core.package_identification:_identify(install) by extension 'ignore'
[0.294s] Level 1:colcon.colcon_core.package_identification:_identify(install) ignored
[0.294s] Level 1:colcon.colcon_core.package_identification:_identify(log) by extensions ['ignore', 'ignore_ament_install']
[0.294s] Level 1:colcon.colcon_core.package_identification:_identify(log) by extension 'ignore'
[0.294s] Level 1:colcon.colcon_core.package_identification:_identify(log) ignored
[0.294s] Level 1:colcon.colcon_core.package_identification:_identify(mujoco-3.2.0-old) by extensions ['ignore', 'ignore_ament_install']
[0.294s] Level 1:colcon.colcon_core.package_identification:_identify(mujoco-3.2.0-old) by extension 'ignore'
[0.294s] Level 1:colcon.colcon_core.package_identification:_identify(mujoco-3.2.0-old) by extension 'ignore_ament_install'
[0.294s] Level 1:colcon.colcon_core.package_identification:_identify(mujoco-3.2.0-old) by extensions ['colcon_pkg']
[0.294s] Level 1:colcon.colcon_core.package_identification:_identify(mujoco-3.2.0-old) by extension 'colcon_pkg'
[0.294s] Level 1:colcon.colcon_core.package_identification:_identify(mujoco-3.2.0-old) by extensions ['colcon_meta']
[0.294s] Level 1:colcon.colcon_core.package_identification:_identify(mujoco-3.2.0-old) by extension 'colcon_meta'
[0.294s] Level 1:colcon.colcon_core.package_identification:_identify(mujoco-3.2.0-old) by extensions ['ros']
[0.294s] Level 1:colcon.colcon_core.package_identification:_identify(mujoco-3.2.0-old) by extension 'ros'
[0.294s] Level 1:colcon.colcon_core.package_identification:_identify(mujoco-3.2.0-old) by extensions ['cmake', 'python']
[0.294s] Level 1:colcon.colcon_core.package_identification:_identify(mujoco-3.2.0-old) by extension 'cmake'
[0.294s] Level 1:colcon.colcon_core.package_identification:_identify(mujoco-3.2.0-old) by extension 'python'
[0.294s] Level 1:colcon.colcon_core.package_identification:_identify(mujoco-3.2.0-old) by extensions ['python_setup_py']
[0.294s] Level 1:colcon.colcon_core.package_identification:_identify(mujoco-3.2.0-old) by extension 'python_setup_py'
[0.295s] Level 1:colcon.colcon_core.package_identification:_identify(mujoco-3.2.0-old/bin) by extensions ['ignore', 'ignore_ament_install']
[0.295s] Level 1:colcon.colcon_core.package_identification:_identify(mujoco-3.2.0-old/bin) by extension 'ignore'
[0.295s] Level 1:colcon.colcon_core.package_identification:_identify(mujoco-3.2.0-old/bin) by extension 'ignore_ament_install'
[0.295s] Level 1:colcon.colcon_core.package_identification:_identify(mujoco-3.2.0-old/bin) by extensions ['colcon_pkg']
[0.295s] Level 1:colcon.colcon_core.package_identification:_identify(mujoco-3.2.0-old/bin) by extension 'colcon_pkg'
[0.295s] Level 1:colcon.colcon_core.package_identification:_identify(mujoco-3.2.0-old/bin) by extensions ['colcon_meta']
[0.295s] Level 1:colcon.colcon_core.package_identification:_identify(mujoco-3.2.0-old/bin) by extension 'colcon_meta'
[0.295s] Level 1:colcon.colcon_core.package_identification:_identify(mujoco-3.2.0-old/bin) by extensions ['ros']
[0.295s] Level 1:colcon.colcon_core.package_identification:_identify(mujoco-3.2.0-old/bin) by extension 'ros'
[0.295s] Level 1:colcon.colcon_core.package_identification:_identify(mujoco-3.2.0-old/bin) by extensions ['cmake', 'python']
[0.295s] Level 1:colcon.colcon_core.package_identification:_identify(mujoco-3.2.0-old/bin) by extension 'cmake'
[0.295s] Level 1:colcon.colcon_core.package_identification:_identify(mujoco-3.2.0-old/bin) by extension 'python'
[0.295s] Level 1:colcon.colcon_core.package_identification:_identify(mujoco-3.2.0-old/bin) by extensions ['python_setup_py']
[0.295s] Level 1:colcon.colcon_core.package_identification:_identify(mujoco-3.2.0-old/bin) by extension 'python_setup_py'
[0.295s] Level 1:colcon.colcon_core.package_identification:_identify(mujoco-3.2.0-old/bin/mujoco_plugin) by extensions ['ignore', 'ignore_ament_install']
[0.295s] Level 1:colcon.colcon_core.package_identification:_identify(mujoco-3.2.0-old/bin/mujoco_plugin) by extension 'ignore'
[0.295s] Level 1:colcon.colcon_core.package_identification:_identify(mujoco-3.2.0-old/bin/mujoco_plugin) by extension 'ignore_ament_install'
[0.295s] Level 1:colcon.colcon_core.package_identification:_identify(mujoco-3.2.0-old/bin/mujoco_plugin) by extensions ['colcon_pkg']
[0.295s] Level 1:colcon.colcon_core.package_identification:_identify(mujoco-3.2.0-old/bin/mujoco_plugin) by extension 'colcon_pkg'
[0.295s] Level 1:colcon.colcon_core.package_identification:_identify(mujoco-3.2.0-old/bin/mujoco_plugin) by extensions ['colcon_meta']
[0.295s] Level 1:colcon.colcon_core.package_identification:_identify(mujoco-3.2.0-old/bin/mujoco_plugin) by extension 'colcon_meta'
[0.295s] Level 1:colcon.colcon_core.package_identification:_identify(mujoco-3.2.0-old/bin/mujoco_plugin) by extensions ['ros']
[0.295s] Level 1:colcon.colcon_core.package_identification:_identify(mujoco-3.2.0-old/bin/mujoco_plugin) by extension 'ros'
[0.296s] Level 1:colcon.colcon_core.package_identification:_identify(mujoco-3.2.0-old/bin/mujoco_plugin) by extensions ['cmake', 'python']
[0.296s] Level 1:colcon.colcon_core.package_identification:_identify(mujoco-3.2.0-old/bin/mujoco_plugin) by extension 'cmake'
[0.296s] Level 1:colcon.colcon_core.package_identification:_identify(mujoco-3.2.0-old/bin/mujoco_plugin) by extension 'python'
[0.296s] Level 1:colcon.colcon_core.package_identification:_identify(mujoco-3.2.0-old/bin/mujoco_plugin) by extensions ['python_setup_py']
[0.296s] Level 1:colcon.colcon_core.package_identification:_identify(mujoco-3.2.0-old/bin/mujoco_plugin) by extension 'python_setup_py'
[0.296s] Level 1:colcon.colcon_core.package_identification:_identify(mujoco-3.2.0-old/include) by extensions ['ignore', 'ignore_ament_install']
[0.296s] Level 1:colcon.colcon_core.package_identification:_identify(mujoco-3.2.0-old/include) by extension 'ignore'
[0.296s] Level 1:colcon.colcon_core.package_identification:_identify(mujoco-3.2.0-old/include) by extension 'ignore_ament_install'
[0.296s] Level 1:colcon.colcon_core.package_identification:_identify(mujoco-3.2.0-old/include) by extensions ['colcon_pkg']
[0.296s] Level 1:colcon.colcon_core.package_identification:_identify(mujoco-3.2.0-old/include) by extension 'colcon_pkg'
[0.296s] Level 1:colcon.colcon_core.package_identification:_identify(mujoco-3.2.0-old/include) by extensions ['colcon_meta']
[0.296s] Level 1:colcon.colcon_core.package_identification:_identify(mujoco-3.2.0-old/include) by extension 'colcon_meta'
[0.296s] Level 1:colcon.colcon_core.package_identification:_identify(mujoco-3.2.0-old/include) by extensions ['ros']
[0.296s] Level 1:colcon.colcon_core.package_identification:_identify(mujoco-3.2.0-old/include) by extension 'ros'
[0.296s] Level 1:colcon.colcon_core.package_identification:_identify(mujoco-3.2.0-old/include) by extensions ['cmake', 'python']
[0.296s] Level 1:colcon.colcon_core.package_identification:_identify(mujoco-3.2.0-old/include) by extension 'cmake'
[0.296s] Level 1:colcon.colcon_core.package_identification:_identify(mujoco-3.2.0-old/include) by extension 'python'
[0.296s] Level 1:colcon.colcon_core.package_identification:_identify(mujoco-3.2.0-old/include) by extensions ['python_setup_py']
[0.296s] Level 1:colcon.colcon_core.package_identification:_identify(mujoco-3.2.0-old/include) by extension 'python_setup_py'
[0.296s] Level 1:colcon.colcon_core.package_identification:_identify(mujoco-3.2.0-old/include/mujoco) by extensions ['ignore', 'ignore_ament_install']
[0.296s] Level 1:colcon.colcon_core.package_identification:_identify(mujoco-3.2.0-old/include/mujoco) by extension 'ignore'
[0.296s] Level 1:colcon.colcon_core.package_identification:_identify(mujoco-3.2.0-old/include/mujoco) by extension 'ignore_ament_install'
[0.296s] Level 1:colcon.colcon_core.package_identification:_identify(mujoco-3.2.0-old/include/mujoco) by extensions ['colcon_pkg']
[0.296s] Level 1:colcon.colcon_core.package_identification:_identify(mujoco-3.2.0-old/include/mujoco) by extension 'colcon_pkg'
[0.297s] Level 1:colcon.colcon_core.package_identification:_identify(mujoco-3.2.0-old/include/mujoco) by extensions ['colcon_meta']
[0.297s] Level 1:colcon.colcon_core.package_identification:_identify(mujoco-3.2.0-old/include/mujoco) by extension 'colcon_meta'
[0.297s] Level 1:colcon.colcon_core.package_identification:_identify(mujoco-3.2.0-old/include/mujoco) by extensions ['ros']
[0.297s] Level 1:colcon.colcon_core.package_identification:_identify(mujoco-3.2.0-old/include/mujoco) by extension 'ros'
[0.297s] Level 1:colcon.colcon_core.package_identification:_identify(mujoco-3.2.0-old/include/mujoco) by extensions ['cmake', 'python']
[0.297s] Level 1:colcon.colcon_core.package_identification:_identify(mujoco-3.2.0-old/include/mujoco) by extension 'cmake'
[0.297s] Level 1:colcon.colcon_core.package_identification:_identify(mujoco-3.2.0-old/include/mujoco) by extension 'python'
[0.297s] Level 1:colcon.colcon_core.package_identification:_identify(mujoco-3.2.0-old/include/mujoco) by extensions ['python_setup_py']
[0.297s] Level 1:colcon.colcon_core.package_identification:_identify(mujoco-3.2.0-old/include/mujoco) by extension 'python_setup_py'
[0.297s] Level 1:colcon.colcon_core.package_identification:_identify(mujoco-3.2.0-old/lib) by extensions ['ignore', 'ignore_ament_install']
[0.297s] Level 1:colcon.colcon_core.package_identification:_identify(mujoco-3.2.0-old/lib) by extension 'ignore'
[0.297s] Level 1:colcon.colcon_core.package_identification:_identify(mujoco-3.2.0-old/lib) by extension 'ignore_ament_install'
[0.297s] Level 1:colcon.colcon_core.package_identification:_identify(mujoco-3.2.0-old/lib) by extensions ['colcon_pkg']
[0.297s] Level 1:colcon.colcon_core.package_identification:_identify(mujoco-3.2.0-old/lib) by extension 'colcon_pkg'
[0.297s] Level 1:colcon.colcon_core.package_identification:_identify(mujoco-3.2.0-old/lib) by extensions ['colcon_meta']
[0.297s] Level 1:colcon.colcon_core.package_identification:_identify(mujoco-3.2.0-old/lib) by extension 'colcon_meta'
[0.297s] Level 1:colcon.colcon_core.package_identification:_identify(mujoco-3.2.0-old/lib) by extensions ['ros']
[0.297s] Level 1:colcon.colcon_core.package_identification:_identify(mujoco-3.2.0-old/lib) by extension 'ros'
[0.297s] Level 1:colcon.colcon_core.package_identification:_identify(mujoco-3.2.0-old/lib) by extensions ['cmake', 'python']
[0.297s] Level 1:colcon.colcon_core.package_identification:_identify(mujoco-3.2.0-old/lib) by extension 'cmake'
[0.297s] Level 1:colcon.colcon_core.package_identification:_identify(mujoco-3.2.0-old/lib) by extension 'python'
[0.297s] Level 1:colcon.colcon_core.package_identification:_identify(mujoco-3.2.0-old/lib) by extensions ['python_setup_py']
[0.297s] Level 1:colcon.colcon_core.package_identification:_identify(mujoco-3.2.0-old/lib) by extension 'python_setup_py'
[0.297s] Level 1:colcon.colcon_core.package_identification:_identify(mujoco-3.2.0-old/model) by extensions ['ignore', 'ignore_ament_install']
[0.298s] Level 1:colcon.colcon_core.package_identification:_identify(mujoco-3.2.0-old/model) by extension 'ignore'
[0.298s] Level 1:colcon.colcon_core.package_identification:_identify(mujoco-3.2.0-old/model) by extension 'ignore_ament_install'
[0.298s] Level 1:colcon.colcon_core.package_identification:_identify(mujoco-3.2.0-old/model) by extensions ['colcon_pkg']
[0.298s] Level 1:colcon.colcon_core.package_identification:_identify(mujoco-3.2.0-old/model) by extension 'colcon_pkg'
[0.298s] Level 1:colcon.colcon_core.package_identification:_identify(mujoco-3.2.0-old/model) by extensions ['colcon_meta']
[0.298s] Level 1:colcon.colcon_core.package_identification:_identify(mujoco-3.2.0-old/model) by extension 'colcon_meta'
[0.298s] Level 1:colcon.colcon_core.package_identification:_identify(mujoco-3.2.0-old/model) by extensions ['ros']
[0.298s] Level 1:colcon.colcon_core.package_identification:_identify(mujoco-3.2.0-old/model) by extension 'ros'
[0.298s] Level 1:colcon.colcon_core.package_identification:_identify(mujoco-3.2.0-old/model) by extensions ['cmake', 'python']
[0.298s] Level 1:colcon.colcon_core.package_identification:_identify(mujoco-3.2.0-old/model) by extension 'cmake'
[0.298s] Level 1:colcon.colcon_core.package_identification:_identify(mujoco-3.2.0-old/model) by extension 'python'
[0.298s] Level 1:colcon.colcon_core.package_identification:_identify(mujoco-3.2.0-old/model) by extensions ['python_setup_py']
[0.298s] Level 1:colcon.colcon_core.package_identification:_identify(mujoco-3.2.0-old/model) by extension 'python_setup_py'
[0.298s] Level 1:colcon.colcon_core.package_identification:_identify(mujoco-3.2.0-old/model/adhesion) by extensions ['ignore', 'ignore_ament_install']
[0.298s] Level 1:colcon.colcon_core.package_identification:_identify(mujoco-3.2.0-old/model/adhesion) by extension 'ignore'
[0.298s] Level 1:colcon.colcon_core.package_identification:_identify(mujoco-3.2.0-old/model/adhesion) by extension 'ignore_ament_install'
[0.298s] Level 1:colcon.colcon_core.package_identification:_identify(mujoco-3.2.0-old/model/adhesion) by extensions ['colcon_pkg']
[0.298s] Level 1:colcon.colcon_core.package_identification:_identify(mujoco-3.2.0-old/model/adhesion) by extension 'colcon_pkg'
[0.298s] Level 1:colcon.colcon_core.package_identification:_identify(mujoco-3.2.0-old/model/adhesion) by extensions ['colcon_meta']
[0.298s] Level 1:colcon.colcon_core.package_identification:_identify(mujoco-3.2.0-old/model/adhesion) by extension 'colcon_meta'
[0.298s] Level 1:colcon.colcon_core.package_identification:_identify(mujoco-3.2.0-old/model/adhesion) by extensions ['ros']
[0.298s] Level 1:colcon.colcon_core.package_identification:_identify(mujoco-3.2.0-old/model/adhesion) by extension 'ros'
[0.298s] Level 1:colcon.colcon_core.package_identification:_identify(mujoco-3.2.0-old/model/adhesion) by extensions ['cmake', 'python']
[0.298s] Level 1:colcon.colcon_core.package_identification:_identify(mujoco-3.2.0-old/model/adhesion) by extension 'cmake'
[0.299s] Level 1:colcon.colcon_core.package_identification:_identify(mujoco-3.2.0-old/model/adhesion) by extension 'python'
[0.299s] Level 1:colcon.colcon_core.package_identification:_identify(mujoco-3.2.0-old/model/adhesion) by extensions ['python_setup_py']
[0.299s] Level 1:colcon.colcon_core.package_identification:_identify(mujoco-3.2.0-old/model/adhesion) by extension 'python_setup_py'
[0.299s] Level 1:colcon.colcon_core.package_identification:_identify(mujoco-3.2.0-old/model/balloons) by extensions ['ignore', 'ignore_ament_install']
[0.299s] Level 1:colcon.colcon_core.package_identification:_identify(mujoco-3.2.0-old/model/balloons) by extension 'ignore'
[0.299s] Level 1:colcon.colcon_core.package_identification:_identify(mujoco-3.2.0-old/model/balloons) by extension 'ignore_ament_install'
[0.299s] Level 1:colcon.colcon_core.package_identification:_identify(mujoco-3.2.0-old/model/balloons) by extensions ['colcon_pkg']
[0.299s] Level 1:colcon.colcon_core.package_identification:_identify(mujoco-3.2.0-old/model/balloons) by extension 'colcon_pkg'
[0.299s] Level 1:colcon.colcon_core.package_identification:_identify(mujoco-3.2.0-old/model/balloons) by extensions ['colcon_meta']
[0.299s] Level 1:colcon.colcon_core.package_identification:_identify(mujoco-3.2.0-old/model/balloons) by extension 'colcon_meta'
[0.299s] Level 1:colcon.colcon_core.package_identification:_identify(mujoco-3.2.0-old/model/balloons) by extensions ['ros']
[0.299s] Level 1:colcon.colcon_core.package_identification:_identify(mujoco-3.2.0-old/model/balloons) by extension 'ros'
[0.299s] Level 1:colcon.colcon_core.package_identification:_identify(mujoco-3.2.0-old/model/balloons) by extensions ['cmake', 'python']
[0.299s] Level 1:colcon.colcon_core.package_identification:_identify(mujoco-3.2.0-old/model/balloons) by extension 'cmake'
[0.299s] Level 1:colcon.colcon_core.package_identification:_identify(mujoco-3.2.0-old/model/balloons) by extension 'python'
[0.299s] Level 1:colcon.colcon_core.package_identification:_identify(mujoco-3.2.0-old/model/balloons) by extensions ['python_setup_py']
[0.299s] Level 1:colcon.colcon_core.package_identification:_identify(mujoco-3.2.0-old/model/balloons) by extension 'python_setup_py'
[0.299s] Level 1:colcon.colcon_core.package_identification:_identify(mujoco-3.2.0-old/model/car) by extensions ['ignore', 'ignore_ament_install']
[0.299s] Level 1:colcon.colcon_core.package_identification:_identify(mujoco-3.2.0-old/model/car) by extension 'ignore'
[0.299s] Level 1:colcon.colcon_core.package_identification:_identify(mujoco-3.2.0-old/model/car) by extension 'ignore_ament_install'
[0.299s] Level 1:colcon.colcon_core.package_identification:_identify(mujoco-3.2.0-old/model/car) by extensions ['colcon_pkg']
[0.299s] Level 1:colcon.colcon_core.package_identification:_identify(mujoco-3.2.0-old/model/car) by extension 'colcon_pkg'
[0.299s] Level 1:colcon.colcon_core.package_identification:_identify(mujoco-3.2.0-old/model/car) by extensions ['colcon_meta']
[0.300s] Level 1:colcon.colcon_core.package_identification:_identify(mujoco-3.2.0-old/model/car) by extension 'colcon_meta'
[0.300s] Level 1:colcon.colcon_core.package_identification:_identify(mujoco-3.2.0-old/model/car) by extensions ['ros']
[0.300s] Level 1:colcon.colcon_core.package_identification:_identify(mujoco-3.2.0-old/model/car) by extension 'ros'
[0.300s] Level 1:colcon.colcon_core.package_identification:_identify(mujoco-3.2.0-old/model/car) by extensions ['cmake', 'python']
[0.300s] Level 1:colcon.colcon_core.package_identification:_identify(mujoco-3.2.0-old/model/car) by extension 'cmake'
[0.300s] Level 1:colcon.colcon_core.package_identification:_identify(mujoco-3.2.0-old/model/car) by extension 'python'
[0.300s] Level 1:colcon.colcon_core.package_identification:_identify(mujoco-3.2.0-old/model/car) by extensions ['python_setup_py']
[0.300s] Level 1:colcon.colcon_core.package_identification:_identify(mujoco-3.2.0-old/model/car) by extension 'python_setup_py'
[0.300s] Level 1:colcon.colcon_core.package_identification:_identify(mujoco-3.2.0-old/model/cards) by extensions ['ignore', 'ignore_ament_install']
[0.300s] Level 1:colcon.colcon_core.package_identification:_identify(mujoco-3.2.0-old/model/cards) by extension 'ignore'
[0.300s] Level 1:colcon.colcon_core.package_identification:_identify(mujoco-3.2.0-old/model/cards) by extension 'ignore_ament_install'
[0.300s] Level 1:colcon.colcon_core.package_identification:_identify(mujoco-3.2.0-old/model/cards) by extensions ['colcon_pkg']
[0.300s] Level 1:colcon.colcon_core.package_identification:_identify(mujoco-3.2.0-old/model/cards) by extension 'colcon_pkg'
[0.300s] Level 1:colcon.colcon_core.package_identification:_identify(mujoco-3.2.0-old/model/cards) by extensions ['colcon_meta']
[0.300s] Level 1:colcon.colcon_core.package_identification:_identify(mujoco-3.2.0-old/model/cards) by extension 'colcon_meta'
[0.300s] Level 1:colcon.colcon_core.package_identification:_identify(mujoco-3.2.0-old/model/cards) by extensions ['ros']
[0.300s] Level 1:colcon.colcon_core.package_identification:_identify(mujoco-3.2.0-old/model/cards) by extension 'ros'
[0.300s] Level 1:colcon.colcon_core.package_identification:_identify(mujoco-3.2.0-old/model/cards) by extensions ['cmake', 'python']
[0.300s] Level 1:colcon.colcon_core.package_identification:_identify(mujoco-3.2.0-old/model/cards) by extension 'cmake'
[0.300s] Level 1:colcon.colcon_core.package_identification:_identify(mujoco-3.2.0-old/model/cards) by extension 'python'
[0.300s] Level 1:colcon.colcon_core.package_identification:_identify(mujoco-3.2.0-old/model/cards) by extensions ['python_setup_py']
[0.300s] Level 1:colcon.colcon_core.package_identification:_identify(mujoco-3.2.0-old/model/cards) by extension 'python_setup_py'
[0.300s] Level 1:colcon.colcon_core.package_identification:_identify(mujoco-3.2.0-old/model/cards/assets) by extensions ['ignore', 'ignore_ament_install']
[0.301s] Level 1:colcon.colcon_core.package_identification:_identify(mujoco-3.2.0-old/model/cards/assets) by extension 'ignore'
[0.301s] Level 1:colcon.colcon_core.package_identification:_identify(mujoco-3.2.0-old/model/cards/assets) by extension 'ignore_ament_install'
[0.301s] Level 1:colcon.colcon_core.package_identification:_identify(mujoco-3.2.0-old/model/cards/assets) by extensions ['colcon_pkg']
[0.301s] Level 1:colcon.colcon_core.package_identification:_identify(mujoco-3.2.0-old/model/cards/assets) by extension 'colcon_pkg'
[0.301s] Level 1:colcon.colcon_core.package_identification:_identify(mujoco-3.2.0-old/model/cards/assets) by extensions ['colcon_meta']
[0.301s] Level 1:colcon.colcon_core.package_identification:_identify(mujoco-3.2.0-old/model/cards/assets) by extension 'colcon_meta'
[0.301s] Level 1:colcon.colcon_core.package_identification:_identify(mujoco-3.2.0-old/model/cards/assets) by extensions ['ros']
[0.301s] Level 1:colcon.colcon_core.package_identification:_identify(mujoco-3.2.0-old/model/cards/assets) by extension 'ros'
[0.301s] Level 1:colcon.colcon_core.package_identification:_identify(mujoco-3.2.0-old/model/cards/assets) by extensions ['cmake', 'python']
[0.301s] Level 1:colcon.colcon_core.package_identification:_identify(mujoco-3.2.0-old/model/cards/assets) by extension 'cmake'
[0.301s] Level 1:colcon.colcon_core.package_identification:_identify(mujoco-3.2.0-old/model/cards/assets) by extension 'python'
[0.301s] Level 1:colcon.colcon_core.package_identification:_identify(mujoco-3.2.0-old/model/cards/assets) by extensions ['python_setup_py']
[0.301s] Level 1:colcon.colcon_core.package_identification:_identify(mujoco-3.2.0-old/model/cards/assets) by extension 'python_setup_py'
[0.301s] Level 1:colcon.colcon_core.package_identification:_identify(mujoco-3.2.0-old/model/composite) by extensions ['ignore', 'ignore_ament_install']
[0.301s] Level 1:colcon.colcon_core.package_identification:_identify(mujoco-3.2.0-old/model/composite) by extension 'ignore'
[0.301s] Level 1:colcon.colcon_core.package_identification:_identify(mujoco-3.2.0-old/model/composite) by extension 'ignore_ament_install'
[0.301s] Level 1:colcon.colcon_core.package_identification:_identify(mujoco-3.2.0-old/model/composite) by extensions ['colcon_pkg']
[0.301s] Level 1:colcon.colcon_core.package_identification:_identify(mujoco-3.2.0-old/model/composite) by extension 'colcon_pkg'
[0.301s] Level 1:colcon.colcon_core.package_identification:_identify(mujoco-3.2.0-old/model/composite) by extensions ['colcon_meta']
[0.301s] Level 1:colcon.colcon_core.package_identification:_identify(mujoco-3.2.0-old/model/composite) by extension 'colcon_meta'
[0.301s] Level 1:colcon.colcon_core.package_identification:_identify(mujoco-3.2.0-old/model/composite) by extensions ['ros']
[0.301s] Level 1:colcon.colcon_core.package_identification:_identify(mujoco-3.2.0-old/model/composite) by extension 'ros'
[0.301s] Level 1:colcon.colcon_core.package_identification:_identify(mujoco-3.2.0-old/model/composite) by extensions ['cmake', 'python']
[0.302s] Level 1:colcon.colcon_core.package_identification:_identify(mujoco-3.2.0-old/model/composite) by extension 'cmake'
[0.302s] Level 1:colcon.colcon_core.package_identification:_identify(mujoco-3.2.0-old/model/composite) by extension 'python'
[0.302s] Level 1:colcon.colcon_core.package_identification:_identify(mujoco-3.2.0-old/model/composite) by extensions ['python_setup_py']
[0.302s] Level 1:colcon.colcon_core.package_identification:_identify(mujoco-3.2.0-old/model/composite) by extension 'python_setup_py'
[0.302s] Level 1:colcon.colcon_core.package_identification:_identify(mujoco-3.2.0-old/model/composite/asset) by extensions ['ignore', 'ignore_ament_install']
[0.302s] Level 1:colcon.colcon_core.package_identification:_identify(mujoco-3.2.0-old/model/composite/asset) by extension 'ignore'
[0.302s] Level 1:colcon.colcon_core.package_identification:_identify(mujoco-3.2.0-old/model/composite/asset) by extension 'ignore_ament_install'
[0.302s] Level 1:colcon.colcon_core.package_identification:_identify(mujoco-3.2.0-old/model/composite/asset) by extensions ['colcon_pkg']
[0.302s] Level 1:colcon.colcon_core.package_identification:_identify(mujoco-3.2.0-old/model/composite/asset) by extension 'colcon_pkg'
[0.302s] Level 1:colcon.colcon_core.package_identification:_identify(mujoco-3.2.0-old/model/composite/asset) by extensions ['colcon_meta']
[0.302s] Level 1:colcon.colcon_core.package_identification:_identify(mujoco-3.2.0-old/model/composite/asset) by extension 'colcon_meta'
[0.302s] Level 1:colcon.colcon_core.package_identification:_identify(mujoco-3.2.0-old/model/composite/asset) by extensions ['ros']
[0.302s] Level 1:colcon.colcon_core.package_identification:_identify(mujoco-3.2.0-old/model/composite/asset) by extension 'ros'
[0.302s] Level 1:colcon.colcon_core.package_identification:_identify(mujoco-3.2.0-old/model/composite/asset) by extensions ['cmake', 'python']
[0.302s] Level 1:colcon.colcon_core.package_identification:_identify(mujoco-3.2.0-old/model/composite/asset) by extension 'cmake'
[0.302s] Level 1:colcon.colcon_core.package_identification:_identify(mujoco-3.2.0-old/model/composite/asset) by extension 'python'
[0.302s] Level 1:colcon.colcon_core.package_identification:_identify(mujoco-3.2.0-old/model/composite/asset) by extensions ['python_setup_py']
[0.302s] Level 1:colcon.colcon_core.package_identification:_identify(mujoco-3.2.0-old/model/composite/asset) by extension 'python_setup_py'
[0.302s] Level 1:colcon.colcon_core.package_identification:_identify(mujoco-3.2.0-old/model/cube) by extensions ['ignore', 'ignore_ament_install']
[0.302s] Level 1:colcon.colcon_core.package_identification:_identify(mujoco-3.2.0-old/model/cube) by extension 'ignore'
[0.302s] Level 1:colcon.colcon_core.package_identification:_identify(mujoco-3.2.0-old/model/cube) by extension 'ignore_ament_install'
[0.302s] Level 1:colcon.colcon_core.package_identification:_identify(mujoco-3.2.0-old/model/cube) by extensions ['colcon_pkg']
[0.302s] Level 1:colcon.colcon_core.package_identification:_identify(mujoco-3.2.0-old/model/cube) by extension 'colcon_pkg'
[0.303s] Level 1:colcon.colcon_core.package_identification:_identify(mujoco-3.2.0-old/model/cube) by extensions ['colcon_meta']
[0.303s] Level 1:colcon.colcon_core.package_identification:_identify(mujoco-3.2.0-old/model/cube) by extension 'colcon_meta'
[0.303s] Level 1:colcon.colcon_core.package_identification:_identify(mujoco-3.2.0-old/model/cube) by extensions ['ros']
[0.303s] Level 1:colcon.colcon_core.package_identification:_identify(mujoco-3.2.0-old/model/cube) by extension 'ros'
[0.303s] Level 1:colcon.colcon_core.package_identification:_identify(mujoco-3.2.0-old/model/cube) by extensions ['cmake', 'python']
[0.303s] Level 1:colcon.colcon_core.package_identification:_identify(mujoco-3.2.0-old/model/cube) by extension 'cmake'
[0.303s] Level 1:colcon.colcon_core.package_identification:_identify(mujoco-3.2.0-old/model/cube) by extension 'python'
[0.303s] Level 1:colcon.colcon_core.package_identification:_identify(mujoco-3.2.0-old/model/cube) by extensions ['python_setup_py']
[0.303s] Level 1:colcon.colcon_core.package_identification:_identify(mujoco-3.2.0-old/model/cube) by extension 'python_setup_py'
[0.303s] Level 1:colcon.colcon_core.package_identification:_identify(mujoco-3.2.0-old/model/cube/assets) by extensions ['ignore', 'ignore_ament_install']
[0.303s] Level 1:colcon.colcon_core.package_identification:_identify(mujoco-3.2.0-old/model/cube/assets) by extension 'ignore'
[0.303s] Level 1:colcon.colcon_core.package_identification:_identify(mujoco-3.2.0-old/model/cube/assets) by extension 'ignore_ament_install'
[0.303s] Level 1:colcon.colcon_core.package_identification:_identify(mujoco-3.2.0-old/model/cube/assets) by extensions ['colcon_pkg']
[0.303s] Level 1:colcon.colcon_core.package_identification:_identify(mujoco-3.2.0-old/model/cube/assets) by extension 'colcon_pkg'
[0.303s] Level 1:colcon.colcon_core.package_identification:_identify(mujoco-3.2.0-old/model/cube/assets) by extensions ['colcon_meta']
[0.303s] Level 1:colcon.colcon_core.package_identification:_identify(mujoco-3.2.0-old/model/cube/assets) by extension 'colcon_meta'
[0.303s] Level 1:colcon.colcon_core.package_identification:_identify(mujoco-3.2.0-old/model/cube/assets) by extensions ['ros']
[0.303s] Level 1:colcon.colcon_core.package_identification:_identify(mujoco-3.2.0-old/model/cube/assets) by extension 'ros'
[0.303s] Level 1:colcon.colcon_core.package_identification:_identify(mujoco-3.2.0-old/model/cube/assets) by extensions ['cmake', 'python']
[0.303s] Level 1:colcon.colcon_core.package_identification:_identify(mujoco-3.2.0-old/model/cube/assets) by extension 'cmake'
[0.303s] Level 1:colcon.colcon_core.package_identification:_identify(mujoco-3.2.0-old/model/cube/assets) by extension 'python'
[0.303s] Level 1:colcon.colcon_core.package_identification:_identify(mujoco-3.2.0-old/model/cube/assets) by extensions ['python_setup_py']
[0.303s] Level 1:colcon.colcon_core.package_identification:_identify(mujoco-3.2.0-old/model/cube/assets) by extension 'python_setup_py'
[0.304s] Level 1:colcon.colcon_core.package_identification:_identify(mujoco-3.2.0-old/model/hammock) by extensions ['ignore', 'ignore_ament_install']
[0.304s] Level 1:colcon.colcon_core.package_identification:_identify(mujoco-3.2.0-old/model/hammock) by extension 'ignore'
[0.304s] Level 1:colcon.colcon_core.package_identification:_identify(mujoco-3.2.0-old/model/hammock) by extension 'ignore_ament_install'
[0.304s] Level 1:colcon.colcon_core.package_identification:_identify(mujoco-3.2.0-old/model/hammock) by extensions ['colcon_pkg']
[0.304s] Level 1:colcon.colcon_core.package_identification:_identify(mujoco-3.2.0-old/model/hammock) by extension 'colcon_pkg'
[0.304s] Level 1:colcon.colcon_core.package_identification:_identify(mujoco-3.2.0-old/model/hammock) by extensions ['colcon_meta']
[0.304s] Level 1:colcon.colcon_core.package_identification:_identify(mujoco-3.2.0-old/model/hammock) by extension 'colcon_meta'
[0.304s] Level 1:colcon.colcon_core.package_identification:_identify(mujoco-3.2.0-old/model/hammock) by extensions ['ros']
[0.304s] Level 1:colcon.colcon_core.package_identification:_identify(mujoco-3.2.0-old/model/hammock) by extension 'ros'
[0.304s] Level 1:colcon.colcon_core.package_identification:_identify(mujoco-3.2.0-old/model/hammock) by extensions ['cmake', 'python']
[0.304s] Level 1:colcon.colcon_core.package_identification:_identify(mujoco-3.2.0-old/model/hammock) by extension 'cmake'
[0.304s] Level 1:colcon.colcon_core.package_identification:_identify(mujoco-3.2.0-old/model/hammock) by extension 'python'
[0.304s] Level 1:colcon.colcon_core.package_identification:_identify(mujoco-3.2.0-old/model/hammock) by extensions ['python_setup_py']
[0.304s] Level 1:colcon.colcon_core.package_identification:_identify(mujoco-3.2.0-old/model/hammock) by extension 'python_setup_py'
[0.304s] Level 1:colcon.colcon_core.package_identification:_identify(mujoco-3.2.0-old/model/humanoid) by extensions ['ignore', 'ignore_ament_install']
[0.304s] Level 1:colcon.colcon_core.package_identification:_identify(mujoco-3.2.0-old/model/humanoid) by extension 'ignore'
[0.304s] Level 1:colcon.colcon_core.package_identification:_identify(mujoco-3.2.0-old/model/humanoid) by extension 'ignore_ament_install'
[0.304s] Level 1:colcon.colcon_core.package_identification:_identify(mujoco-3.2.0-old/model/humanoid) by extensions ['colcon_pkg']
[0.304s] Level 1:colcon.colcon_core.package_identification:_identify(mujoco-3.2.0-old/model/humanoid) by extension 'colcon_pkg'
[0.304s] Level 1:colcon.colcon_core.package_identification:_identify(mujoco-3.2.0-old/model/humanoid) by extensions ['colcon_meta']
[0.304s] Level 1:colcon.colcon_core.package_identification:_identify(mujoco-3.2.0-old/model/humanoid) by extension 'colcon_meta'
[0.304s] Level 1:colcon.colcon_core.package_identification:_identify(mujoco-3.2.0-old/model/humanoid) by extensions ['ros']
[0.304s] Level 1:colcon.colcon_core.package_identification:_identify(mujoco-3.2.0-old/model/humanoid) by extension 'ros'
[0.304s] Level 1:colcon.colcon_core.package_identification:_identify(mujoco-3.2.0-old/model/humanoid) by extensions ['cmake', 'python']
[0.305s] Level 1:colcon.colcon_core.package_identification:_identify(mujoco-3.2.0-old/model/humanoid) by extension 'cmake'
[0.305s] Level 1:colcon.colcon_core.package_identification:_identify(mujoco-3.2.0-old/model/humanoid) by extension 'python'
[0.305s] Level 1:colcon.colcon_core.package_identification:_identify(mujoco-3.2.0-old/model/humanoid) by extensions ['python_setup_py']
[0.305s] Level 1:colcon.colcon_core.package_identification:_identify(mujoco-3.2.0-old/model/humanoid) by extension 'python_setup_py'
[0.305s] Level 1:colcon.colcon_core.package_identification:_identify(mujoco-3.2.0-old/model/humanoid100) by extensions ['ignore', 'ignore_ament_install']
[0.305s] Level 1:colcon.colcon_core.package_identification:_identify(mujoco-3.2.0-old/model/humanoid100) by extension 'ignore'
[0.305s] Level 1:colcon.colcon_core.package_identification:_identify(mujoco-3.2.0-old/model/humanoid100) by extension 'ignore_ament_install'
[0.305s] Level 1:colcon.colcon_core.package_identification:_identify(mujoco-3.2.0-old/model/humanoid100) by extensions ['colcon_pkg']
[0.305s] Level 1:colcon.colcon_core.package_identification:_identify(mujoco-3.2.0-old/model/humanoid100) by extension 'colcon_pkg'
[0.305s] Level 1:colcon.colcon_core.package_identification:_identify(mujoco-3.2.0-old/model/humanoid100) by extensions ['colcon_meta']
[0.305s] Level 1:colcon.colcon_core.package_identification:_identify(mujoco-3.2.0-old/model/humanoid100) by extension 'colcon_meta'
[0.305s] Level 1:colcon.colcon_core.package_identification:_identify(mujoco-3.2.0-old/model/humanoid100) by extensions ['ros']
[0.305s] Level 1:colcon.colcon_core.package_identification:_identify(mujoco-3.2.0-old/model/humanoid100) by extension 'ros'
[0.305s] Level 1:colcon.colcon_core.package_identification:_identify(mujoco-3.2.0-old/model/humanoid100) by extensions ['cmake', 'python']
[0.305s] Level 1:colcon.colcon_core.package_identification:_identify(mujoco-3.2.0-old/model/humanoid100) by extension 'cmake'
[0.305s] Level 1:colcon.colcon_core.package_identification:_identify(mujoco-3.2.0-old/model/humanoid100) by extension 'python'
[0.305s] Level 1:colcon.colcon_core.package_identification:_identify(mujoco-3.2.0-old/model/humanoid100) by extensions ['python_setup_py']
[0.305s] Level 1:colcon.colcon_core.package_identification:_identify(mujoco-3.2.0-old/model/humanoid100) by extension 'python_setup_py'
[0.305s] Level 1:colcon.colcon_core.package_identification:_identify(mujoco-3.2.0-old/model/mug) by extensions ['ignore', 'ignore_ament_install']
[0.305s] Level 1:colcon.colcon_core.package_identification:_identify(mujoco-3.2.0-old/model/mug) by extension 'ignore'
[0.305s] Level 1:colcon.colcon_core.package_identification:_identify(mujoco-3.2.0-old/model/mug) by extension 'ignore_ament_install'
[0.305s] Level 1:colcon.colcon_core.package_identification:_identify(mujoco-3.2.0-old/model/mug) by extensions ['colcon_pkg']
[0.305s] Level 1:colcon.colcon_core.package_identification:_identify(mujoco-3.2.0-old/model/mug) by extension 'colcon_pkg'
[0.305s] Level 1:colcon.colcon_core.package_identification:_identify(mujoco-3.2.0-old/model/mug) by extensions ['colcon_meta']
[0.306s] Level 1:colcon.colcon_core.package_identification:_identify(mujoco-3.2.0-old/model/mug) by extension 'colcon_meta'
[0.306s] Level 1:colcon.colcon_core.package_identification:_identify(mujoco-3.2.0-old/model/mug) by extensions ['ros']
[0.306s] Level 1:colcon.colcon_core.package_identification:_identify(mujoco-3.2.0-old/model/mug) by extension 'ros'
[0.306s] Level 1:colcon.colcon_core.package_identification:_identify(mujoco-3.2.0-old/model/mug) by extensions ['cmake', 'python']
[0.306s] Level 1:colcon.colcon_core.package_identification:_identify(mujoco-3.2.0-old/model/mug) by extension 'cmake'
[0.306s] Level 1:colcon.colcon_core.package_identification:_identify(mujoco-3.2.0-old/model/mug) by extension 'python'
[0.306s] Level 1:colcon.colcon_core.package_identification:_identify(mujoco-3.2.0-old/model/mug) by extensions ['python_setup_py']
[0.306s] Level 1:colcon.colcon_core.package_identification:_identify(mujoco-3.2.0-old/model/mug) by extension 'python_setup_py'
[0.306s] Level 1:colcon.colcon_core.package_identification:_identify(mujoco-3.2.0-old/model/plugin) by extensions ['ignore', 'ignore_ament_install']
[0.306s] Level 1:colcon.colcon_core.package_identification:_identify(mujoco-3.2.0-old/model/plugin) by extension 'ignore'
[0.306s] Level 1:colcon.colcon_core.package_identification:_identify(mujoco-3.2.0-old/model/plugin) by extension 'ignore_ament_install'
[0.306s] Level 1:colcon.colcon_core.package_identification:_identify(mujoco-3.2.0-old/model/plugin) by extensions ['colcon_pkg']
[0.306s] Level 1:colcon.colcon_core.package_identification:_identify(mujoco-3.2.0-old/model/plugin) by extension 'colcon_pkg'
[0.306s] Level 1:colcon.colcon_core.package_identification:_identify(mujoco-3.2.0-old/model/plugin) by extensions ['colcon_meta']
[0.306s] Level 1:colcon.colcon_core.package_identification:_identify(mujoco-3.2.0-old/model/plugin) by extension 'colcon_meta'
[0.306s] Level 1:colcon.colcon_core.package_identification:_identify(mujoco-3.2.0-old/model/plugin) by extensions ['ros']
[0.306s] Level 1:colcon.colcon_core.package_identification:_identify(mujoco-3.2.0-old/model/plugin) by extension 'ros'
[0.306s] Level 1:colcon.colcon_core.package_identification:_identify(mujoco-3.2.0-old/model/plugin) by extensions ['cmake', 'python']
[0.306s] Level 1:colcon.colcon_core.package_identification:_identify(mujoco-3.2.0-old/model/plugin) by extension 'cmake'
[0.306s] Level 1:colcon.colcon_core.package_identification:_identify(mujoco-3.2.0-old/model/plugin) by extension 'python'
[0.306s] Level 1:colcon.colcon_core.package_identification:_identify(mujoco-3.2.0-old/model/plugin) by extensions ['python_setup_py']
[0.306s] Level 1:colcon.colcon_core.package_identification:_identify(mujoco-3.2.0-old/model/plugin) by extension 'python_setup_py'
[0.306s] Level 1:colcon.colcon_core.package_identification:_identify(mujoco-3.2.0-old/model/plugin/actuator) by extensions ['ignore', 'ignore_ament_install']
[0.307s] Level 1:colcon.colcon_core.package_identification:_identify(mujoco-3.2.0-old/model/plugin/actuator) by extension 'ignore'
[0.307s] Level 1:colcon.colcon_core.package_identification:_identify(mujoco-3.2.0-old/model/plugin/actuator) by extension 'ignore_ament_install'
[0.307s] Level 1:colcon.colcon_core.package_identification:_identify(mujoco-3.2.0-old/model/plugin/actuator) by extensions ['colcon_pkg']
[0.307s] Level 1:colcon.colcon_core.package_identification:_identify(mujoco-3.2.0-old/model/plugin/actuator) by extension 'colcon_pkg'
[0.307s] Level 1:colcon.colcon_core.package_identification:_identify(mujoco-3.2.0-old/model/plugin/actuator) by extensions ['colcon_meta']
[0.307s] Level 1:colcon.colcon_core.package_identification:_identify(mujoco-3.2.0-old/model/plugin/actuator) by extension 'colcon_meta'
[0.307s] Level 1:colcon.colcon_core.package_identification:_identify(mujoco-3.2.0-old/model/plugin/actuator) by extensions ['ros']
[0.307s] Level 1:colcon.colcon_core.package_identification:_identify(mujoco-3.2.0-old/model/plugin/actuator) by extension 'ros'
[0.307s] Level 1:colcon.colcon_core.package_identification:_identify(mujoco-3.2.0-old/model/plugin/actuator) by extensions ['cmake', 'python']
[0.307s] Level 1:colcon.colcon_core.package_identification:_identify(mujoco-3.2.0-old/model/plugin/actuator) by extension 'cmake'
[0.307s] Level 1:colcon.colcon_core.package_identification:_identify(mujoco-3.2.0-old/model/plugin/actuator) by extension 'python'
[0.307s] Level 1:colcon.colcon_core.package_identification:_identify(mujoco-3.2.0-old/model/plugin/actuator) by extensions ['python_setup_py']
[0.307s] Level 1:colcon.colcon_core.package_identification:_identify(mujoco-3.2.0-old/model/plugin/actuator) by extension 'python_setup_py'
[0.307s] Level 1:colcon.colcon_core.package_identification:_identify(mujoco-3.2.0-old/model/plugin/elasticity) by extensions ['ignore', 'ignore_ament_install']
[0.307s] Level 1:colcon.colcon_core.package_identification:_identify(mujoco-3.2.0-old/model/plugin/elasticity) by extension 'ignore'
[0.307s] Level 1:colcon.colcon_core.package_identification:_identify(mujoco-3.2.0-old/model/plugin/elasticity) by extension 'ignore_ament_install'
[0.307s] Level 1:colcon.colcon_core.package_identification:_identify(mujoco-3.2.0-old/model/plugin/elasticity) by extensions ['colcon_pkg']
[0.307s] Level 1:colcon.colcon_core.package_identification:_identify(mujoco-3.2.0-old/model/plugin/elasticity) by extension 'colcon_pkg'
[0.307s] Level 1:colcon.colcon_core.package_identification:_identify(mujoco-3.2.0-old/model/plugin/elasticity) by extensions ['colcon_meta']
[0.307s] Level 1:colcon.colcon_core.package_identification:_identify(mujoco-3.2.0-old/model/plugin/elasticity) by extension 'colcon_meta'
[0.307s] Level 1:colcon.colcon_core.package_identification:_identify(mujoco-3.2.0-old/model/plugin/elasticity) by extensions ['ros']
[0.307s] Level 1:colcon.colcon_core.package_identification:_identify(mujoco-3.2.0-old/model/plugin/elasticity) by extension 'ros'
[0.307s] Level 1:colcon.colcon_core.package_identification:_identify(mujoco-3.2.0-old/model/plugin/elasticity) by extensions ['cmake', 'python']
[0.307s] Level 1:colcon.colcon_core.package_identification:_identify(mujoco-3.2.0-old/model/plugin/elasticity) by extension 'cmake'
[0.307s] Level 1:colcon.colcon_core.package_identification:_identify(mujoco-3.2.0-old/model/plugin/elasticity) by extension 'python'
[0.308s] Level 1:colcon.colcon_core.package_identification:_identify(mujoco-3.2.0-old/model/plugin/elasticity) by extensions ['python_setup_py']
[0.308s] Level 1:colcon.colcon_core.package_identification:_identify(mujoco-3.2.0-old/model/plugin/elasticity) by extension 'python_setup_py'
[0.308s] Level 1:colcon.colcon_core.package_identification:_identify(mujoco-3.2.0-old/model/plugin/sdf) by extensions ['ignore', 'ignore_ament_install']
[0.308s] Level 1:colcon.colcon_core.package_identification:_identify(mujoco-3.2.0-old/model/plugin/sdf) by extension 'ignore'
[0.308s] Level 1:colcon.colcon_core.package_identification:_identify(mujoco-3.2.0-old/model/plugin/sdf) by extension 'ignore_ament_install'
[0.308s] Level 1:colcon.colcon_core.package_identification:_identify(mujoco-3.2.0-old/model/plugin/sdf) by extensions ['colcon_pkg']
[0.308s] Level 1:colcon.colcon_core.package_identification:_identify(mujoco-3.2.0-old/model/plugin/sdf) by extension 'colcon_pkg'
[0.308s] Level 1:colcon.colcon_core.package_identification:_identify(mujoco-3.2.0-old/model/plugin/sdf) by extensions ['colcon_meta']
[0.308s] Level 1:colcon.colcon_core.package_identification:_identify(mujoco-3.2.0-old/model/plugin/sdf) by extension 'colcon_meta'
[0.308s] Level 1:colcon.colcon_core.package_identification:_identify(mujoco-3.2.0-old/model/plugin/sdf) by extensions ['ros']
[0.308s] Level 1:colcon.colcon_core.package_identification:_identify(mujoco-3.2.0-old/model/plugin/sdf) by extension 'ros'
[0.308s] Level 1:colcon.colcon_core.package_identification:_identify(mujoco-3.2.0-old/model/plugin/sdf) by extensions ['cmake', 'python']
[0.308s] Level 1:colcon.colcon_core.package_identification:_identify(mujoco-3.2.0-old/model/plugin/sdf) by extension 'cmake'
[0.308s] Level 1:colcon.colcon_core.package_identification:_identify(mujoco-3.2.0-old/model/plugin/sdf) by extension 'python'
[0.308s] Level 1:colcon.colcon_core.package_identification:_identify(mujoco-3.2.0-old/model/plugin/sdf) by extensions ['python_setup_py']
[0.308s] Level 1:colcon.colcon_core.package_identification:_identify(mujoco-3.2.0-old/model/plugin/sdf) by extension 'python_setup_py'
[0.308s] Level 1:colcon.colcon_core.package_identification:_identify(mujoco-3.2.0-old/model/plugin/sdf/asset) by extensions ['ignore', 'ignore_ament_install']
[0.308s] Level 1:colcon.colcon_core.package_identification:_identify(mujoco-3.2.0-old/model/plugin/sdf/asset) by extension 'ignore'
[0.308s] Level 1:colcon.colcon_core.package_identification:_identify(mujoco-3.2.0-old/model/plugin/sdf/asset) by extension 'ignore_ament_install'
[0.308s] Level 1:colcon.colcon_core.package_identification:_identify(mujoco-3.2.0-old/model/plugin/sdf/asset) by extensions ['colcon_pkg']
[0.308s] Level 1:colcon.colcon_core.package_identification:_identify(mujoco-3.2.0-old/model/plugin/sdf/asset) by extension 'colcon_pkg'
[0.308s] Level 1:colcon.colcon_core.package_identification:_identify(mujoco-3.2.0-old/model/plugin/sdf/asset) by extensions ['colcon_meta']
[0.308s] Level 1:colcon.colcon_core.package_identification:_identify(mujoco-3.2.0-old/model/plugin/sdf/asset) by extension 'colcon_meta'
[0.309s] Level 1:colcon.colcon_core.package_identification:_identify(mujoco-3.2.0-old/model/plugin/sdf/asset) by extensions ['ros']
[0.309s] Level 1:colcon.colcon_core.package_identification:_identify(mujoco-3.2.0-old/model/plugin/sdf/asset) by extension 'ros'
[0.309s] Level 1:colcon.colcon_core.package_identification:_identify(mujoco-3.2.0-old/model/plugin/sdf/asset) by extensions ['cmake', 'python']
[0.309s] Level 1:colcon.colcon_core.package_identification:_identify(mujoco-3.2.0-old/model/plugin/sdf/asset) by extension 'cmake'
[0.309s] Level 1:colcon.colcon_core.package_identification:_identify(mujoco-3.2.0-old/model/plugin/sdf/asset) by extension 'python'
[0.309s] Level 1:colcon.colcon_core.package_identification:_identify(mujoco-3.2.0-old/model/plugin/sdf/asset) by extensions ['python_setup_py']
[0.309s] Level 1:colcon.colcon_core.package_identification:_identify(mujoco-3.2.0-old/model/plugin/sdf/asset) by extension 'python_setup_py'
[0.309s] Level 1:colcon.colcon_core.package_identification:_identify(mujoco-3.2.0-old/model/plugin/sensor) by extensions ['ignore', 'ignore_ament_install']
[0.309s] Level 1:colcon.colcon_core.package_identification:_identify(mujoco-3.2.0-old/model/plugin/sensor) by extension 'ignore'
[0.309s] Level 1:colcon.colcon_core.package_identification:_identify(mujoco-3.2.0-old/model/plugin/sensor) by extension 'ignore_ament_install'
[0.309s] Level 1:colcon.colcon_core.package_identification:_identify(mujoco-3.2.0-old/model/plugin/sensor) by extensions ['colcon_pkg']
[0.309s] Level 1:colcon.colcon_core.package_identification:_identify(mujoco-3.2.0-old/model/plugin/sensor) by extension 'colcon_pkg'
[0.309s] Level 1:colcon.colcon_core.package_identification:_identify(mujoco-3.2.0-old/model/plugin/sensor) by extensions ['colcon_meta']
[0.309s] Level 1:colcon.colcon_core.package_identification:_identify(mujoco-3.2.0-old/model/plugin/sensor) by extension 'colcon_meta'
[0.309s] Level 1:colcon.colcon_core.package_identification:_identify(mujoco-3.2.0-old/model/plugin/sensor) by extensions ['ros']
[0.309s] Level 1:colcon.colcon_core.package_identification:_identify(mujoco-3.2.0-old/model/plugin/sensor) by extension 'ros'
[0.309s] Level 1:colcon.colcon_core.package_identification:_identify(mujoco-3.2.0-old/model/plugin/sensor) by extensions ['cmake', 'python']
[0.309s] Level 1:colcon.colcon_core.package_identification:_identify(mujoco-3.2.0-old/model/plugin/sensor) by extension 'cmake'
[0.309s] Level 1:colcon.colcon_core.package_identification:_identify(mujoco-3.2.0-old/model/plugin/sensor) by extension 'python'
[0.309s] Level 1:colcon.colcon_core.package_identification:_identify(mujoco-3.2.0-old/model/plugin/sensor) by extensions ['python_setup_py']
[0.309s] Level 1:colcon.colcon_core.package_identification:_identify(mujoco-3.2.0-old/model/plugin/sensor) by extension 'python_setup_py'
[0.309s] Level 1:colcon.colcon_core.package_identification:_identify(mujoco-3.2.0-old/model/replicate) by extensions ['ignore', 'ignore_ament_install']
[0.310s] Level 1:colcon.colcon_core.package_identification:_identify(mujoco-3.2.0-old/model/replicate) by extension 'ignore'
[0.310s] Level 1:colcon.colcon_core.package_identification:_identify(mujoco-3.2.0-old/model/replicate) by extension 'ignore_ament_install'
[0.310s] Level 1:colcon.colcon_core.package_identification:_identify(mujoco-3.2.0-old/model/replicate) by extensions ['colcon_pkg']
[0.310s] Level 1:colcon.colcon_core.package_identification:_identify(mujoco-3.2.0-old/model/replicate) by extension 'colcon_pkg'
[0.310s] Level 1:colcon.colcon_core.package_identification:_identify(mujoco-3.2.0-old/model/replicate) by extensions ['colcon_meta']
[0.310s] Level 1:colcon.colcon_core.package_identification:_identify(mujoco-3.2.0-old/model/replicate) by extension 'colcon_meta'
[0.310s] Level 1:colcon.colcon_core.package_identification:_identify(mujoco-3.2.0-old/model/replicate) by extensions ['ros']
[0.310s] Level 1:colcon.colcon_core.package_identification:_identify(mujoco-3.2.0-old/model/replicate) by extension 'ros'
[0.310s] Level 1:colcon.colcon_core.package_identification:_identify(mujoco-3.2.0-old/model/replicate) by extensions ['cmake', 'python']
[0.310s] Level 1:colcon.colcon_core.package_identification:_identify(mujoco-3.2.0-old/model/replicate) by extension 'cmake'
[0.310s] Level 1:colcon.colcon_core.package_identification:_identify(mujoco-3.2.0-old/model/replicate) by extension 'python'
[0.310s] Level 1:colcon.colcon_core.package_identification:_identify(mujoco-3.2.0-old/model/replicate) by extensions ['python_setup_py']
[0.310s] Level 1:colcon.colcon_core.package_identification:_identify(mujoco-3.2.0-old/model/replicate) by extension 'python_setup_py'
[0.310s] Level 1:colcon.colcon_core.package_identification:_identify(mujoco-3.2.0-old/model/slider_crank) by extensions ['ignore', 'ignore_ament_install']
[0.310s] Level 1:colcon.colcon_core.package_identification:_identify(mujoco-3.2.0-old/model/slider_crank) by extension 'ignore'
[0.310s] Level 1:colcon.colcon_core.package_identification:_identify(mujoco-3.2.0-old/model/slider_crank) by extension 'ignore_ament_install'
[0.310s] Level 1:colcon.colcon_core.package_identification:_identify(mujoco-3.2.0-old/model/slider_crank) by extensions ['colcon_pkg']
[0.310s] Level 1:colcon.colcon_core.package_identification:_identify(mujoco-3.2.0-old/model/slider_crank) by extension 'colcon_pkg'
[0.310s] Level 1:colcon.colcon_core.package_identification:_identify(mujoco-3.2.0-old/model/slider_crank) by extensions ['colcon_meta']
[0.310s] Level 1:colcon.colcon_core.package_identification:_identify(mujoco-3.2.0-old/model/slider_crank) by extension 'colcon_meta'
[0.310s] Level 1:colcon.colcon_core.package_identification:_identify(mujoco-3.2.0-old/model/slider_crank) by extensions ['ros']
[0.310s] Level 1:colcon.colcon_core.package_identification:_identify(mujoco-3.2.0-old/model/slider_crank) by extension 'ros'
[0.310s] Level 1:colcon.colcon_core.package_identification:_identify(mujoco-3.2.0-old/model/slider_crank) by extensions ['cmake', 'python']
[0.310s] Level 1:colcon.colcon_core.package_identification:_identify(mujoco-3.2.0-old/model/slider_crank) by extension 'cmake'
[0.310s] Level 1:colcon.colcon_core.package_identification:_identify(mujoco-3.2.0-old/model/slider_crank) by extension 'python'
[0.311s] Level 1:colcon.colcon_core.package_identification:_identify(mujoco-3.2.0-old/model/slider_crank) by extensions ['python_setup_py']
[0.311s] Level 1:colcon.colcon_core.package_identification:_identify(mujoco-3.2.0-old/model/slider_crank) by extension 'python_setup_py'
[0.311s] Level 1:colcon.colcon_core.package_identification:_identify(mujoco-3.2.0-old/model/tendon_arm) by extensions ['ignore', 'ignore_ament_install']
[0.311s] Level 1:colcon.colcon_core.package_identification:_identify(mujoco-3.2.0-old/model/tendon_arm) by extension 'ignore'
[0.311s] Level 1:colcon.colcon_core.package_identification:_identify(mujoco-3.2.0-old/model/tendon_arm) by extension 'ignore_ament_install'
[0.311s] Level 1:colcon.colcon_core.package_identification:_identify(mujoco-3.2.0-old/model/tendon_arm) by extensions ['colcon_pkg']
[0.311s] Level 1:colcon.colcon_core.package_identification:_identify(mujoco-3.2.0-old/model/tendon_arm) by extension 'colcon_pkg'
[0.311s] Level 1:colcon.colcon_core.package_identification:_identify(mujoco-3.2.0-old/model/tendon_arm) by extensions ['colcon_meta']
[0.311s] Level 1:colcon.colcon_core.package_identification:_identify(mujoco-3.2.0-old/model/tendon_arm) by extension 'colcon_meta'
[0.311s] Level 1:colcon.colcon_core.package_identification:_identify(mujoco-3.2.0-old/model/tendon_arm) by extensions ['ros']
[0.311s] Level 1:colcon.colcon_core.package_identification:_identify(mujoco-3.2.0-old/model/tendon_arm) by extension 'ros'
[0.311s] Level 1:colcon.colcon_core.package_identification:_identify(mujoco-3.2.0-old/model/tendon_arm) by extensions ['cmake', 'python']
[0.311s] Level 1:colcon.colcon_core.package_identification:_identify(mujoco-3.2.0-old/model/tendon_arm) by extension 'cmake'
[0.311s] Level 1:colcon.colcon_core.package_identification:_identify(mujoco-3.2.0-old/model/tendon_arm) by extension 'python'
[0.311s] Level 1:colcon.colcon_core.package_identification:_identify(mujoco-3.2.0-old/model/tendon_arm) by extensions ['python_setup_py']
[0.311s] Level 1:colcon.colcon_core.package_identification:_identify(mujoco-3.2.0-old/model/tendon_arm) by extension 'python_setup_py'
[0.311s] Level 1:colcon.colcon_core.package_identification:_identify(mujoco-3.2.0-old/sample) by extensions ['ignore', 'ignore_ament_install']
[0.311s] Level 1:colcon.colcon_core.package_identification:_identify(mujoco-3.2.0-old/sample) by extension 'ignore'
[0.311s] Level 1:colcon.colcon_core.package_identification:_identify(mujoco-3.2.0-old/sample) by extension 'ignore_ament_install'
[0.311s] Level 1:colcon.colcon_core.package_identification:_identify(mujoco-3.2.0-old/sample) by extensions ['colcon_pkg']
[0.311s] Level 1:colcon.colcon_core.package_identification:_identify(mujoco-3.2.0-old/sample) by extension 'colcon_pkg'
[0.311s] Level 1:colcon.colcon_core.package_identification:_identify(mujoco-3.2.0-old/sample) by extensions ['colcon_meta']
[0.311s] Level 1:colcon.colcon_core.package_identification:_identify(mujoco-3.2.0-old/sample) by extension 'colcon_meta'
[0.312s] Level 1:colcon.colcon_core.package_identification:_identify(mujoco-3.2.0-old/sample) by extensions ['ros']
[0.312s] Level 1:colcon.colcon_core.package_identification:_identify(mujoco-3.2.0-old/sample) by extension 'ros'
[0.312s] Level 1:colcon.colcon_core.package_identification:_identify(mujoco-3.2.0-old/sample) by extensions ['cmake', 'python']
[0.312s] Level 1:colcon.colcon_core.package_identification:_identify(mujoco-3.2.0-old/sample) by extension 'cmake'
[0.312s] Level 1:colcon.colcon_core.package_identification:_identify(mujoco-3.2.0-old/sample) by extension 'python'
[0.312s] Level 1:colcon.colcon_core.package_identification:_identify(mujoco-3.2.0-old/sample) by extensions ['python_setup_py']
[0.312s] Level 1:colcon.colcon_core.package_identification:_identify(mujoco-3.2.0-old/sample) by extension 'python_setup_py'
[0.312s] Level 1:colcon.colcon_core.package_identification:_identify(mujoco-3.2.0-old/sample/cmake) by extensions ['ignore', 'ignore_ament_install']
[0.312s] Level 1:colcon.colcon_core.package_identification:_identify(mujoco-3.2.0-old/sample/cmake) by extension 'ignore'
[0.312s] Level 1:colcon.colcon_core.package_identification:_identify(mujoco-3.2.0-old/sample/cmake) by extension 'ignore_ament_install'
[0.312s] Level 1:colcon.colcon_core.package_identification:_identify(mujoco-3.2.0-old/sample/cmake) by extensions ['colcon_pkg']
[0.312s] Level 1:colcon.colcon_core.package_identification:_identify(mujoco-3.2.0-old/sample/cmake) by extension 'colcon_pkg'
[0.312s] Level 1:colcon.colcon_core.package_identification:_identify(mujoco-3.2.0-old/sample/cmake) by extensions ['colcon_meta']
[0.312s] Level 1:colcon.colcon_core.package_identification:_identify(mujoco-3.2.0-old/sample/cmake) by extension 'colcon_meta'
[0.312s] Level 1:colcon.colcon_core.package_identification:_identify(mujoco-3.2.0-old/sample/cmake) by extensions ['ros']
[0.312s] Level 1:colcon.colcon_core.package_identification:_identify(mujoco-3.2.0-old/sample/cmake) by extension 'ros'
[0.312s] Level 1:colcon.colcon_core.package_identification:_identify(mujoco-3.2.0-old/sample/cmake) by extensions ['cmake', 'python']
[0.312s] Level 1:colcon.colcon_core.package_identification:_identify(mujoco-3.2.0-old/sample/cmake) by extension 'cmake'
[0.312s] Level 1:colcon.colcon_core.package_identification:_identify(mujoco-3.2.0-old/sample/cmake) by extension 'python'
[0.312s] Level 1:colcon.colcon_core.package_identification:_identify(mujoco-3.2.0-old/sample/cmake) by extensions ['python_setup_py']
[0.312s] Level 1:colcon.colcon_core.package_identification:_identify(mujoco-3.2.0-old/sample/cmake) by extension 'python_setup_py'
[0.312s] Level 1:colcon.colcon_core.package_identification:_identify(mujoco-3.2.0-old/simulate) by extensions ['ignore', 'ignore_ament_install']
[0.312s] Level 1:colcon.colcon_core.package_identification:_identify(mujoco-3.2.0-old/simulate) by extension 'ignore'
[0.313s] Level 1:colcon.colcon_core.package_identification:_identify(mujoco-3.2.0-old/simulate) by extension 'ignore_ament_install'
[0.313s] Level 1:colcon.colcon_core.package_identification:_identify(mujoco-3.2.0-old/simulate) by extensions ['colcon_pkg']
[0.313s] Level 1:colcon.colcon_core.package_identification:_identify(mujoco-3.2.0-old/simulate) by extension 'colcon_pkg'
[0.313s] Level 1:colcon.colcon_core.package_identification:_identify(mujoco-3.2.0-old/simulate) by extensions ['colcon_meta']
[0.313s] Level 1:colcon.colcon_core.package_identification:_identify(mujoco-3.2.0-old/simulate) by extension 'colcon_meta'
[0.313s] Level 1:colcon.colcon_core.package_identification:_identify(mujoco-3.2.0-old/simulate) by extensions ['ros']
[0.313s] Level 1:colcon.colcon_core.package_identification:_identify(mujoco-3.2.0-old/simulate) by extension 'ros'
[0.313s] Level 1:colcon.colcon_core.package_identification:_identify(mujoco-3.2.0-old/simulate) by extensions ['cmake', 'python']
[0.313s] Level 1:colcon.colcon_core.package_identification:_identify(mujoco-3.2.0-old/simulate) by extension 'cmake'
[0.313s] Level 1:colcon.colcon_core.package_identification:_identify(mujoco-3.2.0-old/simulate) by extension 'python'
[0.313s] Level 1:colcon.colcon_core.package_identification:_identify(mujoco-3.2.0-old/simulate) by extensions ['python_setup_py']
[0.313s] Level 1:colcon.colcon_core.package_identification:_identify(mujoco-3.2.0-old/simulate) by extension 'python_setup_py'
[0.313s] Level 1:colcon.colcon_core.package_identification:_identify(mujoco-3.2.0-old/simulate/cmake) by extensions ['ignore', 'ignore_ament_install']
[0.313s] Level 1:colcon.colcon_core.package_identification:_identify(mujoco-3.2.0-old/simulate/cmake) by extension 'ignore'
[0.313s] Level 1:colcon.colcon_core.package_identification:_identify(mujoco-3.2.0-old/simulate/cmake) by extension 'ignore_ament_install'
[0.313s] Level 1:colcon.colcon_core.package_identification:_identify(mujoco-3.2.0-old/simulate/cmake) by extensions ['colcon_pkg']
[0.313s] Level 1:colcon.colcon_core.package_identification:_identify(mujoco-3.2.0-old/simulate/cmake) by extension 'colcon_pkg'
[0.313s] Level 1:colcon.colcon_core.package_identification:_identify(mujoco-3.2.0-old/simulate/cmake) by extensions ['colcon_meta']
[0.313s] Level 1:colcon.colcon_core.package_identification:_identify(mujoco-3.2.0-old/simulate/cmake) by extension 'colcon_meta'
[0.313s] Level 1:colcon.colcon_core.package_identification:_identify(mujoco-3.2.0-old/simulate/cmake) by extensions ['ros']
[0.313s] Level 1:colcon.colcon_core.package_identification:_identify(mujoco-3.2.0-old/simulate/cmake) by extension 'ros'
[0.313s] Level 1:colcon.colcon_core.package_identification:_identify(mujoco-3.2.0-old/simulate/cmake) by extensions ['cmake', 'python']
[0.313s] Level 1:colcon.colcon_core.package_identification:_identify(mujoco-3.2.0-old/simulate/cmake) by extension 'cmake'
[0.313s] Level 1:colcon.colcon_core.package_identification:_identify(mujoco-3.2.0-old/simulate/cmake) by extension 'python'
[0.313s] Level 1:colcon.colcon_core.package_identification:_identify(mujoco-3.2.0-old/simulate/cmake) by extensions ['python_setup_py']
[0.314s] Level 1:colcon.colcon_core.package_identification:_identify(mujoco-3.2.0-old/simulate/cmake) by extension 'python_setup_py'
[0.314s] Level 1:colcon.colcon_core.package_identification:_identify(src) by extensions ['ignore', 'ignore_ament_install']
[0.314s] Level 1:colcon.colcon_core.package_identification:_identify(src) by extension 'ignore'
[0.314s] Level 1:colcon.colcon_core.package_identification:_identify(src) by extension 'ignore_ament_install'
[0.314s] Level 1:colcon.colcon_core.package_identification:_identify(src) by extensions ['colcon_pkg']
[0.314s] Level 1:colcon.colcon_core.package_identification:_identify(src) by extension 'colcon_pkg'
[0.314s] Level 1:colcon.colcon_core.package_identification:_identify(src) by extensions ['colcon_meta']
[0.314s] Level 1:colcon.colcon_core.package_identification:_identify(src) by extension 'colcon_meta'
[0.314s] Level 1:colcon.colcon_core.package_identification:_identify(src) by extensions ['ros']
[0.314s] Level 1:colcon.colcon_core.package_identification:_identify(src) by extension 'ros'
[0.314s] Level 1:colcon.colcon_core.package_identification:_identify(src) by extensions ['cmake', 'python']
[0.314s] Level 1:colcon.colcon_core.package_identification:_identify(src) by extension 'cmake'
[0.314s] Level 1:colcon.colcon_core.package_identification:_identify(src) by extension 'python'
[0.314s] Level 1:colcon.colcon_core.package_identification:_identify(src) by extensions ['python_setup_py']
[0.314s] Level 1:colcon.colcon_core.package_identification:_identify(src) by extension 'python_setup_py'
[0.314s] Level 1:colcon.colcon_core.package_identification:_identify(src/mujoco_ros2) by extensions ['ignore', 'ignore_ament_install']
[0.314s] Level 1:colcon.colcon_core.package_identification:_identify(src/mujoco_ros2) by extension 'ignore'
[0.314s] Level 1:colcon.colcon_core.package_identification:_identify(src/mujoco_ros2) by extension 'ignore_ament_install'
[0.314s] Level 1:colcon.colcon_core.package_identification:_identify(src/mujoco_ros2) by extensions ['colcon_pkg']
[0.314s] Level 1:colcon.colcon_core.package_identification:_identify(src/mujoco_ros2) by extension 'colcon_pkg'
[0.314s] Level 1:colcon.colcon_core.package_identification:_identify(src/mujoco_ros2) by extensions ['colcon_meta']
[0.314s] Level 1:colcon.colcon_core.package_identification:_identify(src/mujoco_ros2) by extension 'colcon_meta'
[0.314s] Level 1:colcon.colcon_core.package_identification:_identify(src/mujoco_ros2) by extensions ['ros']
[0.315s] Level 1:colcon.colcon_core.package_identification:_identify(src/mujoco_ros2) by extension 'ros'
[0.317s] DEBUG:colcon.colcon_core.package_identification:Package 'src/mujoco_ros2' with type 'ros.ament_cmake' and name 'mujoco_ros2'
[0.318s] Level 1:colcon.colcon_core.package_identification:_identify(src/ur_description) by extensions ['ignore', 'ignore_ament_install']
[0.318s] Level 1:colcon.colcon_core.package_identification:_identify(src/ur_description) by extension 'ignore'
[0.318s] Level 1:colcon.colcon_core.package_identification:_identify(src/ur_description) by extension 'ignore_ament_install'
[0.318s] Level 1:colcon.colcon_core.package_identification:_identify(src/ur_description) by extensions ['colcon_pkg']
[0.318s] Level 1:colcon.colcon_core.package_identification:_identify(src/ur_description) by extension 'colcon_pkg'
[0.318s] Level 1:colcon.colcon_core.package_identification:_identify(src/ur_description) by extensions ['colcon_meta']
[0.318s] Level 1:colcon.colcon_core.package_identification:_identify(src/ur_description) by extension 'colcon_meta'
[0.318s] Level 1:colcon.colcon_core.package_identification:_identify(src/ur_description) by extensions ['ros']
[0.318s] Level 1:colcon.colcon_core.package_identification:_identify(src/ur_description) by extension 'ros'
[0.319s] DEBUG:colcon.colcon_core.package_identification:Package 'src/ur_description' with type 'ros.ament_cmake' and name 'ur_description'
[0.319s] Level 1:colcon.colcon_core.package_discovery:discover_packages(recursive) using defaults
[0.319s] Level 1:colcon.colcon_core.package_discovery:discover_packages(ignore) discover
[0.319s] Level 1:colcon.colcon_core.package_discovery:discover_packages(ignore) using defaults
[0.319s] Level 1:colcon.colcon_core.package_discovery:discover_packages(path) discover
[0.319s] Level 1:colcon.colcon_core.package_discovery:discover_packages(path) using defaults
[0.352s] Level 1:colcon.colcon_core.package_discovery:discover_packages(prefix_path) check parameters
[0.352s] Level 1:colcon.colcon_core.package_discovery:discover_packages(prefix_path) discover
[0.354s] DEBUG:colcon.colcon_installed_package_information.package_discovery:Found 2 installed packages in /home/ali/Desktop/Ali engineering/GUC/Semester 10/Robotics/Robotics_project/install
[0.355s] DEBUG:colcon.colcon_installed_package_information.package_discovery:Found 272 installed packages in /opt/ros/humble
[0.357s] Level 1:colcon.colcon_core.package_discovery:discover_packages(prefix_path) using defaults
[0.392s] Level 5:colcon.colcon_core.verb:set package 'mujoco_ros2' build argument 'cmake_args' from command line to 'None'
[0.392s] Level 5:colcon.colcon_core.verb:set package 'mujoco_ros2' build argument 'cmake_target' from command line to 'None'
[0.392s] Level 5:colcon.colcon_core.verb:set package 'mujoco_ros2' build argument 'cmake_target_skip_unavailable' from command line to 'False'
[0.392s] Level 5:colcon.colcon_core.verb:set package 'mujoco_ros2' build argument 'cmake_clean_cache' from command line to 'False'
[0.392s] Level 5:colcon.colcon_core.verb:set package 'mujoco_ros2' build argument 'cmake_clean_first' from command line to 'False'
[0.392s] Level 5:colcon.colcon_core.verb:set package 'mujoco_ros2' build argument 'cmake_force_configure' from command line to 'False'
[0.392s] Level 5:colcon.colcon_core.verb:set package 'mujoco_ros2' build argument 'ament_cmake_args' from command line to 'None'
[0.392s] Level 5:colcon.colcon_core.verb:set package 'mujoco_ros2' build argument 'catkin_cmake_args' from command line to 'None'
[0.392s] Level 5:colcon.colcon_core.verb:set package 'mujoco_ros2' build argument 'catkin_skip_building_tests' from command line to 'False'
[0.392s] DEBUG:colcon.colcon_core.verb:Building package 'mujoco_ros2' with the following arguments: {'ament_cmake_args': None, 'build_base': '/home/ali/Desktop/Ali engineering/GUC/Semester 10/Robotics/Robotics_project/build/mujoco_ros2', 'catkin_cmake_args': None, 'catkin_skip_building_tests': False, 'cmake_args': None, 'cmake_clean_cache': False, 'cmake_clean_first': False, 'cmake_force_configure': False, 'cmake_target': None, 'cmake_target_skip_unavailable': False, 'install_base': '/home/ali/Desktop/Ali engineering/GUC/Semester 10/Robotics/Robotics_project/install/mujoco_ros2', 'merge_install': False, 'path': '/home/ali/Desktop/Ali engineering/GUC/Semester 10/Robotics/Robotics_project/src/mujoco_ros2', 'symlink_install': True, 'test_result_base': None}
[0.393s] Level 5:colcon.colcon_core.verb:set package 'ur_description' build argument 'cmake_args' from command line to 'None'
[0.393s] Level 5:colcon.colcon_core.verb:set package 'ur_description' build argument 'cmake_target' from command line to 'None'
[0.393s] Level 5:colcon.colcon_core.verb:set package 'ur_description' build argument 'cmake_target_skip_unavailable' from command line to 'False'
[0.393s] Level 5:colcon.colcon_core.verb:set package 'ur_description' build argument 'cmake_clean_cache' from command line to 'False'
[0.393s] Level 5:colcon.colcon_core.verb:set package 'ur_description' build argument 'cmake_clean_first' from command line to 'False'
[0.393s] Level 5:colcon.colcon_core.verb:set package 'ur_description' build argument 'cmake_force_configure' from command line to 'False'
[0.393s] Level 5:colcon.colcon_core.verb:set package 'ur_description' build argument 'ament_cmake_args' from command line to 'None'
[0.393s] Level 5:colcon.colcon_core.verb:set package 'ur_description' build argument 'catkin_cmake_args' from command line to 'None'
[0.393s] Level 5:colcon.colcon_core.verb:set package 'ur_description' build argument 'catkin_skip_building_tests' from command line to 'False'
[0.393s] DEBUG:colcon.colcon_core.verb:Building package 'ur_description' with the following arguments: {'ament_cmake_args': None, 'build_base': '/home/ali/Desktop/Ali engineering/GUC/Semester 10/Robotics/Robotics_project/build/ur_description', 'catkin_cmake_args': None, 'catkin_skip_building_tests': False, 'cmake_args': None, 'cmake_clean_cache': False, 'cmake_clean_first': False, 'cmake_force_configure': False, 'cmake_target': None, 'cmake_target_skip_unavailable': False, 'install_base': '/home/ali/Desktop/Ali engineering/GUC/Semester 10/Robotics/Robotics_project/install/ur_description', 'merge_install': False, 'path': '/home/ali/Desktop/Ali engineering/GUC/Semester 10/Robotics/Robotics_project/src/ur_description', 'symlink_install': True, 'test_result_base': None}
[0.393s] INFO:colcon.colcon_core.executor:Executing jobs using 'parallel' executor
[0.395s] DEBUG:colcon.colcon_parallel_executor.executor.parallel:run_until_complete
[0.395s] INFO:colcon.colcon_ros.task.ament_cmake.build:Building ROS package in '/home/ali/Desktop/Ali engineering/GUC/Semester 10/Robotics/Robotics_project/src/mujoco_ros2' with build type 'ament_cmake'
[0.395s] INFO:colcon.colcon_cmake.task.cmake.build:Building CMake package in '/home/ali/Desktop/Ali engineering/GUC/Semester 10/Robotics/Robotics_project/src/mujoco_ros2'
[0.397s] INFO:colcon.colcon_core.plugin_system:Skipping extension 'colcon_core.shell.bat': Not used on non-Windows systems
[0.397s] INFO:colcon.colcon_core.shell:Skip shell extension 'powershell' for command environment: Not usable outside of PowerShell
[0.397s] DEBUG:colcon.colcon_core.shell:Skip shell extension 'dsv' for command environment
[0.401s] INFO:colcon.colcon_ros.task.ament_cmake.build:Building ROS package in '/home/ali/Desktop/Ali engineering/GUC/Semester 10/Robotics/Robotics_project/src/ur_description' with build type 'ament_cmake'
[0.401s] INFO:colcon.colcon_cmake.task.cmake.build:Building CMake package in '/home/ali/Desktop/Ali engineering/GUC/Semester 10/Robotics/Robotics_project/src/ur_description'
[0.402s] INFO:colcon.colcon_core.shell:Skip shell extension 'powershell' for command environment: Not usable outside of PowerShell
[0.402s] DEBUG:colcon.colcon_core.shell:Skip shell extension 'dsv' for command environment
[0.415s] DEBUG:colcon.colcon_core.event_handler.log_command:Invoking command in '/home/ali/Desktop/Ali engineering/GUC/Semester 10/Robotics/Robotics_project/build/mujoco_ros2': CMAKE_PREFIX_PATH=${CMAKE_PREFIX_PATH}:/opt/ros/humble /usr/bin/cmake --build /home/ali/Desktop/Ali engineering/GUC/Semester 10/Robotics/Robotics_project/build/mujoco_ros2 -- -j12 -l12
[0.428s] DEBUG:colcon.colcon_core.event_handler.log_command:Invoking command in '/home/ali/Desktop/Ali engineering/GUC/Semester 10/Robotics/Robotics_project/build/ur_description': CMAKE_PREFIX_PATH=${CMAKE_PREFIX_PATH}:/opt/ros/humble /usr/bin/cmake --build /home/ali/Desktop/Ali engineering/GUC/Semester 10/Robotics/Robotics_project/build/ur_description -- -j12 -l12
[0.501s] DEBUG:colcon.colcon_core.event_handler.log_command:Invoked command in '/home/ali/Desktop/Ali engineering/GUC/Semester 10/Robotics/Robotics_project/build/ur_description' returned '0': CMAKE_PREFIX_PATH=${CMAKE_PREFIX_PATH}:/opt/ros/humble /usr/bin/cmake --build /home/ali/Desktop/Ali engineering/GUC/Semester 10/Robotics/Robotics_project/build/ur_description -- -j12 -l12
[0.529s] DEBUG:colcon.colcon_core.event_handler.log_command:Invoking command in '/home/ali/Desktop/Ali engineering/GUC/Semester 10/Robotics/Robotics_project/build/ur_description': CMAKE_PREFIX_PATH=${CMAKE_PREFIX_PATH}:/opt/ros/humble /usr/bin/cmake --install /home/ali/Desktop/Ali engineering/GUC/Semester 10/Robotics/Robotics_project/build/ur_description
[0.573s] DEBUG:colcon.colcon_core.event_handler.log_command:Invoked command in '/home/ali/Desktop/Ali engineering/GUC/Semester 10/Robotics/Robotics_project/build/mujoco_ros2' returned '0': CMAKE_PREFIX_PATH=${CMAKE_PREFIX_PATH}:/opt/ros/humble /usr/bin/cmake --build /home/ali/Desktop/Ali engineering/GUC/Semester 10/Robotics/Robotics_project/build/mujoco_ros2 -- -j12 -l12
[0.578s] DEBUG:colcon.colcon_core.event_handler.log_command:Invoking command in '/home/ali/Desktop/Ali engineering/GUC/Semester 10/Robotics/Robotics_project/build/mujoco_ros2': CMAKE_PREFIX_PATH=${CMAKE_PREFIX_PATH}:/opt/ros/humble /usr/bin/cmake --install /home/ali/Desktop/Ali engineering/GUC/Semester 10/Robotics/Robotics_project/build/mujoco_ros2
[0.593s] Level 1:colcon.colcon_core.environment:create_environment_scripts_only(ur_description)
[0.598s] DEBUG:colcon.colcon_core.event_handler.log_command:Invoked command in '/home/ali/Desktop/Ali engineering/GUC/Semester 10/Robotics/Robotics_project/build/ur_description' returned '0': CMAKE_PREFIX_PATH=${CMAKE_PREFIX_PATH}:/opt/ros/humble /usr/bin/cmake --install /home/ali/Desktop/Ali engineering/GUC/Semester 10/Robotics/Robotics_project/build/ur_description
[0.600s] Level 1:colcon.colcon_core.environment:checking '/home/ali/Desktop/Ali engineering/GUC/Semester 10/Robotics/Robotics_project/install/ur_description' for CMake module files
[0.601s] Level 1:colcon.colcon_core.environment:checking '/home/ali/Desktop/Ali engineering/GUC/Semester 10/Robotics/Robotics_project/install/ur_description' for CMake config files
[0.609s] Level 1:colcon.colcon_core.shell:create_environment_hook('ur_description', 'cmake_prefix_path')
[0.610s] INFO:colcon.colcon_core.shell:Creating environment hook '/home/ali/Desktop/Ali engineering/GUC/Semester 10/Robotics/Robotics_project/install/ur_description/share/ur_description/hook/cmake_prefix_path.ps1'
[0.613s] INFO:colcon.colcon_core.shell:Creating environment descriptor '/home/ali/Desktop/Ali engineering/GUC/Semester 10/Robotics/Robotics_project/install/ur_description/share/ur_description/hook/cmake_prefix_path.dsv'
[0.615s] INFO:colcon.colcon_core.shell:Creating environment hook '/home/ali/Desktop/Ali engineering/GUC/Semester 10/Robotics/Robotics_project/install/ur_description/share/ur_description/hook/cmake_prefix_path.sh'
[0.617s] Level 1:colcon.colcon_core.environment:checking '/home/ali/Desktop/Ali engineering/GUC/Semester 10/Robotics/Robotics_project/install/ur_description/bin'
[0.618s] Level 1:colcon.colcon_core.environment:checking '/home/ali/Desktop/Ali engineering/GUC/Semester 10/Robotics/Robotics_project/install/ur_description/lib/pkgconfig/ur_description.pc'
[0.618s] Level 1:colcon.colcon_core.environment:checking '/home/ali/Desktop/Ali engineering/GUC/Semester 10/Robotics/Robotics_project/install/ur_description/lib/python3.10/site-packages'
[0.619s] Level 1:colcon.colcon_core.environment:checking '/home/ali/Desktop/Ali engineering/GUC/Semester 10/Robotics/Robotics_project/install/ur_description/bin'
[0.620s] INFO:colcon.colcon_core.shell:Creating package script '/home/ali/Desktop/Ali engineering/GUC/Semester 10/Robotics/Robotics_project/install/ur_description/share/ur_description/package.ps1'
[0.622s] INFO:colcon.colcon_core.shell:Creating package descriptor '/home/ali/Desktop/Ali engineering/GUC/Semester 10/Robotics/Robotics_project/install/ur_description/share/ur_description/package.dsv'
[0.623s] INFO:colcon.colcon_core.shell:Creating package script '/home/ali/Desktop/Ali engineering/GUC/Semester 10/Robotics/Robotics_project/install/ur_description/share/ur_description/package.sh'
[0.624s] INFO:colcon.colcon_core.shell:Creating package script '/home/ali/Desktop/Ali engineering/GUC/Semester 10/Robotics/Robotics_project/install/ur_description/share/ur_description/package.bash'
[0.625s] INFO:colcon.colcon_core.shell:Creating package script '/home/ali/Desktop/Ali engineering/GUC/Semester 10/Robotics/Robotics_project/install/ur_description/share/ur_description/package.zsh'
[0.626s] Level 1:colcon.colcon_core.environment:create_file_with_runtime_dependencies(/home/ali/Desktop/Ali engineering/GUC/Semester 10/Robotics/Robotics_project/install/ur_description/share/colcon-core/packages/ur_description)
[0.626s] Level 1:colcon.colcon_core.environment:create_environment_scripts_only(ur_description)
[0.627s] Level 1:colcon.colcon_core.environment:checking '/home/ali/Desktop/Ali engineering/GUC/Semester 10/Robotics/Robotics_project/install/ur_description' for CMake module files
[0.627s] Level 1:colcon.colcon_core.environment:checking '/home/ali/Desktop/Ali engineering/GUC/Semester 10/Robotics/Robotics_project/install/ur_description' for CMake config files
[0.630s] Level 1:colcon.colcon_core.shell:create_environment_hook('ur_description', 'cmake_prefix_path')
[0.630s] INFO:colcon.colcon_core.shell:Creating environment hook '/home/ali/Desktop/Ali engineering/GUC/Semester 10/Robotics/Robotics_project/install/ur_description/share/ur_description/hook/cmake_prefix_path.ps1'
[0.630s] INFO:colcon.colcon_core.shell:Creating environment descriptor '/home/ali/Desktop/Ali engineering/GUC/Semester 10/Robotics/Robotics_project/install/ur_description/share/ur_description/hook/cmake_prefix_path.dsv'
[0.631s] INFO:colcon.colcon_core.shell:Creating environment hook '/home/ali/Desktop/Ali engineering/GUC/Semester 10/Robotics/Robotics_project/install/ur_description/share/ur_description/hook/cmake_prefix_path.sh'
[0.631s] Level 1:colcon.colcon_core.environment:checking '/home/ali/Desktop/Ali engineering/GUC/Semester 10/Robotics/Robotics_project/install/ur_description/bin'
[0.631s] Level 1:colcon.colcon_core.environment:checking '/home/ali/Desktop/Ali engineering/GUC/Semester 10/Robotics/Robotics_project/install/ur_description/lib/pkgconfig/ur_description.pc'
[0.632s] Level 1:colcon.colcon_core.environment:checking '/home/ali/Desktop/Ali engineering/GUC/Semester 10/Robotics/Robotics_project/install/ur_description/lib/python3.10/site-packages'
[0.632s] Level 1:colcon.colcon_core.environment:checking '/home/ali/Desktop/Ali engineering/GUC/Semester 10/Robotics/Robotics_project/install/ur_description/bin'
[0.633s] INFO:colcon.colcon_core.shell:Creating package script '/home/ali/Desktop/Ali engineering/GUC/Semester 10/Robotics/Robotics_project/install/ur_description/share/ur_description/package.ps1'
[0.633s] INFO:colcon.colcon_core.shell:Creating package descriptor '/home/ali/Desktop/Ali engineering/GUC/Semester 10/Robotics/Robotics_project/install/ur_description/share/ur_description/package.dsv'
[0.634s] INFO:colcon.colcon_core.shell:Creating package script '/home/ali/Desktop/Ali engineering/GUC/Semester 10/Robotics/Robotics_project/install/ur_description/share/ur_description/package.sh'
[0.634s] INFO:colcon.colcon_core.shell:Creating package script '/home/ali/Desktop/Ali engineering/GUC/Semester 10/Robotics/Robotics_project/install/ur_description/share/ur_description/package.bash'
[0.635s] INFO:colcon.colcon_core.shell:Creating package script '/home/ali/Desktop/Ali engineering/GUC/Semester 10/Robotics/Robotics_project/install/ur_description/share/ur_description/package.zsh'
[0.636s] Level 1:colcon.colcon_core.environment:create_file_with_runtime_dependencies(/home/ali/Desktop/Ali engineering/GUC/Semester 10/Robotics/Robotics_project/install/ur_description/share/colcon-core/packages/ur_description)
[0.638s] Level 1:colcon.colcon_core.environment:create_environment_scripts_only(mujoco_ros2)
[0.639s] Level 1:colcon.colcon_core.environment:checking '/home/ali/Desktop/Ali engineering/GUC/Semester 10/Robotics/Robotics_project/install/mujoco_ros2' for CMake module files
[0.640s] DEBUG:colcon.colcon_core.event_handler.log_command:Invoked command in '/home/ali/Desktop/Ali engineering/GUC/Semester 10/Robotics/Robotics_project/build/mujoco_ros2' returned '0': CMAKE_PREFIX_PATH=${CMAKE_PREFIX_PATH}:/opt/ros/humble /usr/bin/cmake --install /home/ali/Desktop/Ali engineering/GUC/Semester 10/Robotics/Robotics_project/build/mujoco_ros2
[0.641s] Level 1:colcon.colcon_core.environment:checking '/home/ali/Desktop/Ali engineering/GUC/Semester 10/Robotics/Robotics_project/install/mujoco_ros2' for CMake config files
[0.642s] Level 1:colcon.colcon_core.shell:create_environment_hook('mujoco_ros2', 'cmake_prefix_path')
[0.643s] INFO:colcon.colcon_core.shell:Creating environment hook '/home/ali/Desktop/Ali engineering/GUC/Semester 10/Robotics/Robotics_project/install/mujoco_ros2/share/mujoco_ros2/hook/cmake_prefix_path.ps1'
[0.644s] INFO:colcon.colcon_core.shell:Creating environment descriptor '/home/ali/Desktop/Ali engineering/GUC/Semester 10/Robotics/Robotics_project/install/mujoco_ros2/share/mujoco_ros2/hook/cmake_prefix_path.dsv'
[0.645s] INFO:colcon.colcon_core.shell:Creating environment hook '/home/ali/Desktop/Ali engineering/GUC/Semester 10/Robotics/Robotics_project/install/mujoco_ros2/share/mujoco_ros2/hook/cmake_prefix_path.sh'
[0.647s] Level 1:colcon.colcon_core.environment:checking '/home/ali/Desktop/Ali engineering/GUC/Semester 10/Robotics/Robotics_project/install/mujoco_ros2/lib'
[0.647s] Level 1:colcon.colcon_core.environment:checking '/home/ali/Desktop/Ali engineering/GUC/Semester 10/Robotics/Robotics_project/install/mujoco_ros2/bin'
[0.647s] Level 1:colcon.colcon_core.environment:checking '/home/ali/Desktop/Ali engineering/GUC/Semester 10/Robotics/Robotics_project/install/mujoco_ros2/lib/pkgconfig/mujoco_ros2.pc'
[0.648s] Level 1:colcon.colcon_core.environment:checking '/home/ali/Desktop/Ali engineering/GUC/Semester 10/Robotics/Robotics_project/install/mujoco_ros2/lib/python3.10/site-packages'
[0.649s] Level 1:colcon.colcon_core.environment:checking '/home/ali/Desktop/Ali engineering/GUC/Semester 10/Robotics/Robotics_project/install/mujoco_ros2/bin'
[0.650s] INFO:colcon.colcon_core.shell:Creating package script '/home/ali/Desktop/Ali engineering/GUC/Semester 10/Robotics/Robotics_project/install/mujoco_ros2/share/mujoco_ros2/package.ps1'
[0.651s] INFO:colcon.colcon_core.shell:Creating package descriptor '/home/ali/Desktop/Ali engineering/GUC/Semester 10/Robotics/Robotics_project/install/mujoco_ros2/share/mujoco_ros2/package.dsv'
[0.651s] INFO:colcon.colcon_core.shell:Creating package script '/home/ali/Desktop/Ali engineering/GUC/Semester 10/Robotics/Robotics_project/install/mujoco_ros2/share/mujoco_ros2/package.sh'
[0.652s] INFO:colcon.colcon_core.shell:Creating package script '/home/ali/Desktop/Ali engineering/GUC/Semester 10/Robotics/Robotics_project/install/mujoco_ros2/share/mujoco_ros2/package.bash'
[0.652s] INFO:colcon.colcon_core.shell:Creating package script '/home/ali/Desktop/Ali engineering/GUC/Semester 10/Robotics/Robotics_project/install/mujoco_ros2/share/mujoco_ros2/package.zsh'
[0.653s] Level 1:colcon.colcon_core.environment:create_file_with_runtime_dependencies(/home/ali/Desktop/Ali engineering/GUC/Semester 10/Robotics/Robotics_project/install/mujoco_ros2/share/colcon-core/packages/mujoco_ros2)
[0.654s] Level 1:colcon.colcon_core.environment:create_environment_scripts_only(mujoco_ros2)
[0.654s] Level 1:colcon.colcon_core.environment:checking '/home/ali/Desktop/Ali engineering/GUC/Semester 10/Robotics/Robotics_project/install/mujoco_ros2' for CMake module files
[0.655s] Level 1:colcon.colcon_core.environment:checking '/home/ali/Desktop/Ali engineering/GUC/Semester 10/Robotics/Robotics_project/install/mujoco_ros2' for CMake config files
[0.656s] Level 1:colcon.colcon_core.shell:create_environment_hook('mujoco_ros2', 'cmake_prefix_path')
[0.656s] INFO:colcon.colcon_core.shell:Creating environment hook '/home/ali/Desktop/Ali engineering/GUC/Semester 10/Robotics/Robotics_project/install/mujoco_ros2/share/mujoco_ros2/hook/cmake_prefix_path.ps1'
[0.657s] INFO:colcon.colcon_core.shell:Creating environment descriptor '/home/ali/Desktop/Ali engineering/GUC/Semester 10/Robotics/Robotics_project/install/mujoco_ros2/share/mujoco_ros2/hook/cmake_prefix_path.dsv'
[0.657s] INFO:colcon.colcon_core.shell:Creating environment hook '/home/ali/Desktop/Ali engineering/GUC/Semester 10/Robotics/Robotics_project/install/mujoco_ros2/share/mujoco_ros2/hook/cmake_prefix_path.sh'
[0.658s] Level 1:colcon.colcon_core.environment:checking '/home/ali/Desktop/Ali engineering/GUC/Semester 10/Robotics/Robotics_project/install/mujoco_ros2/lib'
[0.658s] Level 1:colcon.colcon_core.environment:checking '/home/ali/Desktop/Ali engineering/GUC/Semester 10/Robotics/Robotics_project/install/mujoco_ros2/bin'
[0.658s] Level 1:colcon.colcon_core.environment:checking '/home/ali/Desktop/Ali engineering/GUC/Semester 10/Robotics/Robotics_project/install/mujoco_ros2/lib/pkgconfig/mujoco_ros2.pc'
[0.659s] Level 1:colcon.colcon_core.environment:checking '/home/ali/Desktop/Ali engineering/GUC/Semester 10/Robotics/Robotics_project/install/mujoco_ros2/lib/python3.10/site-packages'
[0.660s] Level 1:colcon.colcon_core.environment:checking '/home/ali/Desktop/Ali engineering/GUC/Semester 10/Robotics/Robotics_project/install/mujoco_ros2/bin'
[0.660s] INFO:colcon.colcon_core.shell:Creating package script '/home/ali/Desktop/Ali engineering/GUC/Semester 10/Robotics/Robotics_project/install/mujoco_ros2/share/mujoco_ros2/package.ps1'
[0.661s] INFO:colcon.colcon_core.shell:Creating package descriptor '/home/ali/Desktop/Ali engineering/GUC/Semester 10/Robotics/Robotics_project/install/mujoco_ros2/share/mujoco_ros2/package.dsv'
[0.662s] INFO:colcon.colcon_core.shell:Creating package script '/home/ali/Desktop/Ali engineering/GUC/Semester 10/Robotics/Robotics_project/install/mujoco_ros2/share/mujoco_ros2/package.sh'
[0.662s] INFO:colcon.colcon_core.shell:Creating package script '/home/ali/Desktop/Ali engineering/GUC/Semester 10/Robotics/Robotics_project/install/mujoco_ros2/share/mujoco_ros2/package.bash'
[0.663s] INFO:colcon.colcon_core.shell:Creating package script '/home/ali/Desktop/Ali engineering/GUC/Semester 10/Robotics/Robotics_project/install/mujoco_ros2/share/mujoco_ros2/package.zsh'
[0.664s] Level 1:colcon.colcon_core.environment:create_file_with_runtime_dependencies(/home/ali/Desktop/Ali engineering/GUC/Semester 10/Robotics/Robotics_project/install/mujoco_ros2/share/colcon-core/packages/mujoco_ros2)
[0.664s] DEBUG:colcon.colcon_parallel_executor.executor.parallel:closing loop
[0.665s] DEBUG:colcon.colcon_parallel_executor.executor.parallel:loop closed
[0.665s] DEBUG:colcon.colcon_parallel_executor.executor.parallel:run_until_complete finished with '0'
[0.665s] DEBUG:colcon.colcon_core.event_reactor:joining thread
[0.687s] INFO:colcon.colcon_core.plugin_system:Skipping extension 'colcon_notification.desktop_notification.terminal_notifier': Not used on non-Darwin systems
[0.687s] INFO:colcon.colcon_core.plugin_system:Skipping extension 'colcon_notification.desktop_notification.win32': Not used on non-Windows systems
[0.687s] INFO:colcon.colcon_notification.desktop_notification:Sending desktop notification using 'notify2'
[0.713s] DEBUG:colcon.colcon_core.event_reactor:joined thread
[0.714s] INFO:colcon.colcon_core.shell:Creating prefix script '/home/ali/Desktop/Ali engineering/GUC/Semester 10/Robotics/Robotics_project/install/local_setup.ps1'
[0.717s] INFO:colcon.colcon_core.shell:Creating prefix util module '/home/ali/Desktop/Ali engineering/GUC/Semester 10/Robotics/Robotics_project/install/_local_setup_util_ps1.py'
[0.721s] INFO:colcon.colcon_core.shell:Creating prefix chain script '/home/ali/Desktop/Ali engineering/GUC/Semester 10/Robotics/Robotics_project/install/setup.ps1'
[0.727s] INFO:colcon.colcon_core.shell:Creating prefix script '/home/ali/Desktop/Ali engineering/GUC/Semester 10/Robotics/Robotics_project/install/local_setup.sh'
[0.729s] INFO:colcon.colcon_core.shell:Creating prefix util module '/home/ali/Desktop/Ali engineering/GUC/Semester 10/Robotics/Robotics_project/install/_local_setup_util_sh.py'
[0.731s] INFO:colcon.colcon_core.shell:Creating prefix chain script '/home/ali/Desktop/Ali engineering/GUC/Semester 10/Robotics/Robotics_project/install/setup.sh'
[0.734s] INFO:colcon.colcon_core.shell:Creating prefix script '/home/ali/Desktop/Ali engineering/GUC/Semester 10/Robotics/Robotics_project/install/local_setup.bash'
[0.736s] INFO:colcon.colcon_core.shell:Creating prefix chain script '/home/ali/Desktop/Ali engineering/GUC/Semester 10/Robotics/Robotics_project/install/setup.bash'
[0.740s] INFO:colcon.colcon_core.shell:Creating prefix script '/home/ali/Desktop/Ali engineering/GUC/Semester 10/Robotics/Robotics_project/install/local_setup.zsh'
[0.742s] INFO:colcon.colcon_core.shell:Creating prefix chain script '/home/ali/Desktop/Ali engineering/GUC/Semester 10/Robotics/Robotics_project/install/setup.zsh'
