[0.019s] Invoking command in '/home/amir/Robotics_project2./build/mujoco_ros2': /usr/bin/cmake /home/amir/Robotics_project2./src/mujoco_ros2 -DCMAKE_INSTALL_PREFIX=/home/amir/Robotics_project2./install/mujoco_ros2
[0.328s] -- The C compiler identification is GNU 11.4.0
[0.510s] -- The CXX compiler identification is GNU 11.4.0
[0.529s] -- Detecting C compiler ABI info
[0.613s] -- Detecting C compiler ABI info - done
[0.619s] -- Check for working C compiler: /usr/bin/cc - skipped
[0.619s] -- Detecting C compile features
[0.621s] -- Detecting C compile features - done
[0.626s] -- Detecting CXX compiler ABI info
[0.708s] -- Detecting CXX compiler ABI info - done
[0.714s] -- Check for working CXX compiler: /usr/bin/c++ - skipped
[0.714s] -- Detecting CXX compile features
[0.714s] -- Detecting CXX compile features - done
[0.720s] [31mCMake Error at CMakeLists.txt:15 (find_package):
[0.720s]   By not providing "Findament_cmake.cmake" in CMAKE_MODULE_PATH this project
[0.721s]   has asked CMake to find a package configuration file provided by
[0.721s]   "ament_cmake", but CMake did not find one.
[0.721s] 
[0.721s]   Could not find a package configuration file provided by "ament_cmake" with
[0.721s]   any of the following names:
[0.721s] 
[0.721s]     ament_cmakeConfig.cmake
[0.721s]     ament_cmake-config.cmake
[0.721s] 
[0.721s]   Add the installation prefix of "ament_cmake" to CMAKE_PREFIX_PATH or set
[0.721s] -- Configuring incomplete, errors occurred!
[0.721s] See also "/home/amir/Robotics_project2./build/mujoco_ros2/CMakeFiles/CMakeOutput.log".
[0.721s]   "ament_cmake_DIR" to a directory containing one of the above files.  If
[0.721s]   "ament_cmake" provides a separate development package or SDK, be sure it
[0.721s]   has been installed.
[0.721s] 
[0.721s] [0m
[0.724s] Invoked command in '/home/amir/Robotics_project2./build/mujoco_ros2' returned '1': /usr/bin/cmake /home/amir/Robotics_project2./src/mujoco_ros2 -DCMAKE_INSTALL_PREFIX=/home/amir/Robotics_project2./install/mujoco_ros2
