-- Found ament_cmake: 1.3.12 (/opt/ros/humble/share/ament_cmake/cmake)
-- Found Python3: /usr/bin/python3 (found version "3.10.12") found components: Interpreter 
-- Found rclcpp: 16.0.15 (/opt/ros/humble/share/rclcpp/cmake)
-- Found rosidl_generator_c: 3.1.7 (/opt/ros/humble/share/rosidl_generator_c/cmake)
-- Found rosidl_adapter: 3.1.7 (/opt/ros/humble/share/rosidl_adapter/cmake)
-- Found rosidl_generator_cpp: 3.1.7 (/opt/ros/humble/share/rosidl_generator_cpp/cmake)
-- Using all available rosidl_typesupport_c: rosidl_typesupport_fastrtps_c;rosidl_typesupport_introspection_c
-- Using all available rosidl_typesupport_cpp: rosidl_typesupport_fastrtps_cpp;rosidl_typesupport_introspection_cpp
-- Found rmw_implementation_cmake: 6.1.2 (/opt/ros/humble/share/rmw_implementation_cmake/cmake)
-- Found rmw_fastrtps_cpp: 6.2.9 (/opt/ros/humble/share/rmw_fastrtps_cpp/cmake)
-- Found OpenSSL: /usr/lib/x86_64-linux-gnu/libcrypto.so (found version "3.0.2")  
-- Found FastRTPS: /opt/ros/humble/include  
-- Using RMW implementation 'rmw_fastrtps_cpp' as default
-- Looking for pthread.h
-- Looking for pthread.h - found
-- Performing Test CMAKE_HAVE_LIBC_PTHREAD
-- Performing Test CMAKE_HAVE_LIBC_PTHREAD - Success
-- Found Threads: TRUE  
-- Found sensor_msgs: 4.9.0 (/opt/ros/humble/share/sensor_msgs/cmake)
-- Configuring done
-- Generating done
-- Build files have been written to: /home/amir/Robotics_project2./build/mujoco_ros2
[ 33%] [32mBuilding CXX object CMakeFiles/mujoco_node.dir/src/nodes/mujoco_node.cpp.o[0m
[ 66%] [32mBuilding CXX object CMakeFiles/mujoco_node.dir/src/mujoco_ros.cpp.o[0m
[100%] [32m[1mLinking CXX executable mujoco_node[0m
[100%] Built target mujoco_node
-- Install configuration: ""
-- Installing: /home/amir/Robotics_project2./install/mujoco_ros2/lib/mujoco_ros2/mujoco_node
-- Set runtime path of "/home/amir/Robotics_project2./install/mujoco_ros2/lib/mujoco_ros2/mujoco_node" to ""
-- Up-to-date: /home/amir/Robotics_project2./install/mujoco_ros2/share/mujoco_ros2/launch
-- Installing: /home/amir/Robotics_project2./install/mujoco_ros2/share/mujoco_ros2/launch/example.py
-- Installing: /home/amir/Robotics_project2./install/mujoco_ros2/share/mujoco_ros2/launch/robot.py
-- Up-to-date: /home/amir/Robotics_project2./install/mujoco_ros2/share/mujoco_ros2/model
-- Installing: /home/amir/Robotics_project2./install/mujoco_ros2/share/mujoco_ros2/model/CHANGELOG.md
-- Installing: /home/amir/Robotics_project2./install/mujoco_ros2/share/mujoco_ros2/model/universal_robots_ur5e
-- Installing: /home/amir/Robotics_project2./install/mujoco_ros2/share/mujoco_ros2/model/ur5e.png
-- Installing: /home/amir/Robotics_project2./install/mujoco_ros2/share/mujoco_ros2/model/ur5e.xml
-- Installing: /home/amir/Robotics_project2./install/mujoco_ros2/share/mujoco_ros2/model/README.md
-- Installing: /home/amir/Robotics_project2./install/mujoco_ros2/share/mujoco_ros2/model/scene.xml
-- Up-to-date: /home/amir/Robotics_project2./install/mujoco_ros2/share/mujoco_ros2/model/assets
-- Installing: /home/amir/Robotics_project2./install/mujoco_ros2/share/mujoco_ros2/model/assets/forearm_3.obj
-- Installing: /home/amir/Robotics_project2./install/mujoco_ros2/share/mujoco_ros2/model/assets/wrist1_1.obj
-- Installing: /home/amir/Robotics_project2./install/mujoco_ros2/share/mujoco_ros2/model/assets/shoulder_0.obj
-- Installing: /home/amir/Robotics_project2./install/mujoco_ros2/share/mujoco_ros2/model/assets/forearm_1.obj
-- Installing: /home/amir/Robotics_project2./install/mujoco_ros2/share/mujoco_ros2/model/assets/wrist1_0.obj
-- Installing: /home/amir/Robotics_project2./install/mujoco_ros2/share/mujoco_ros2/model/assets/upperarm_1.obj
-- Installing: /home/amir/Robotics_project2./install/mujoco_ros2/share/mujoco_ros2/model/assets/shoulder_1.obj
-- Installing: /home/amir/Robotics_project2./install/mujoco_ros2/share/mujoco_ros2/model/assets/forearm_0.obj
-- Installing: /home/amir/Robotics_project2./install/mujoco_ros2/share/mujoco_ros2/model/assets/wrist2_1.obj
-- Installing: /home/amir/Robotics_project2./install/mujoco_ros2/share/mujoco_ros2/model/assets/base_0.obj
-- Installing: /home/amir/Robotics_project2./install/mujoco_ros2/share/mujoco_ros2/model/assets/wrist3.obj
-- Installing: /home/amir/Robotics_project2./install/mujoco_ros2/share/mujoco_ros2/model/assets/forearm_2.obj
-- Installing: /home/amir/Robotics_project2./install/mujoco_ros2/share/mujoco_ros2/model/assets/shoulder_2.obj
-- Installing: /home/amir/Robotics_project2./install/mujoco_ros2/share/mujoco_ros2/model/assets/upperarm_3.obj
-- Installing: /home/amir/Robotics_project2./install/mujoco_ros2/share/mujoco_ros2/model/assets/base_1.obj
-- Installing: /home/amir/Robotics_project2./install/mujoco_ros2/share/mujoco_ros2/model/assets/upperarm_2.obj
-- Installing: /home/amir/Robotics_project2./install/mujoco_ros2/share/mujoco_ros2/model/assets/upperarm_0.obj
-- Installing: /home/amir/Robotics_project2./install/mujoco_ros2/share/mujoco_ros2/model/assets/wrist2_2.obj
-- Installing: /home/amir/Robotics_project2./install/mujoco_ros2/share/mujoco_ros2/model/assets/wrist2_0.obj
-- Installing: /home/amir/Robotics_project2./install/mujoco_ros2/share/mujoco_ros2/model/assets/wrist1_2.obj
-- Installing: /home/amir/Robotics_project2./install/mujoco_ros2/share/mujoco_ros2/model/LICENSE
-- Installing: /home/amir/Robotics_project2./install/mujoco_ros2/share/ament_index/resource_index/package_run_dependencies/mujoco_ros2
-- Installing: /home/amir/Robotics_project2./install/mujoco_ros2/share/ament_index/resource_index/parent_prefix_path/mujoco_ros2
-- Installing: /home/amir/Robotics_project2./install/mujoco_ros2/share/mujoco_ros2/environment/ament_prefix_path.sh
-- Installing: /home/amir/Robotics_project2./install/mujoco_ros2/share/mujoco_ros2/environment/ament_prefix_path.dsv
-- Installing: /home/amir/Robotics_project2./install/mujoco_ros2/share/mujoco_ros2/environment/path.sh
-- Installing: /home/amir/Robotics_project2./install/mujoco_ros2/share/mujoco_ros2/environment/path.dsv
-- Installing: /home/amir/Robotics_project2./install/mujoco_ros2/share/mujoco_ros2/local_setup.bash
-- Installing: /home/amir/Robotics_project2./install/mujoco_ros2/share/mujoco_ros2/local_setup.sh
-- Installing: /home/amir/Robotics_project2./install/mujoco_ros2/share/mujoco_ros2/local_setup.zsh
-- Installing: /home/amir/Robotics_project2./install/mujoco_ros2/share/mujoco_ros2/local_setup.dsv
-- Installing: /home/amir/Robotics_project2./install/mujoco_ros2/share/mujoco_ros2/package.dsv
-- Installing: /home/amir/Robotics_project2./install/mujoco_ros2/share/ament_index/resource_index/packages/mujoco_ros2
-- Installing: /home/amir/Robotics_project2./install/mujoco_ros2/share/mujoco_ros2/cmake/mujoco_ros2Config.cmake
-- Installing: /home/amir/Robotics_project2./install/mujoco_ros2/share/mujoco_ros2/cmake/mujoco_ros2Config-version.cmake
-- Installing: /home/amir/Robotics_project2./install/mujoco_ros2/share/mujoco_ros2/package.xml
