[0.015s] Invoking command in '/home/amir/Robotics_project2./build/mujoco_ros2': CMAKE_PREFIX_PATH=${CMAKE_PREFIX_PATH}:/opt/ros/humble /usr/bin/cmake /home/amir/Robotics_project2./src/mujoco_ros2 -DCMAKE_INSTALL_PREFIX=/home/amir/Robotics_project2./install/mujoco_ros2
[0.049s] -- Found ament_cmake: 1.3.12 (/opt/ros/humble/share/ament_cmake/cmake)
[0.189s] -- Found Python3: /usr/bin/python3 (found version "3.10.12") found components: Interpreter 
[0.389s] -- Found rclcpp: 16.0.15 (/opt/ros/humble/share/rclcpp/cmake)
[0.470s] -- Found rosidl_generator_c: 3.1.7 (/opt/ros/humble/share/rosidl_generator_c/cmake)
[0.479s] -- Found rosidl_adapter: 3.1.7 (/opt/ros/humble/share/rosidl_adapter/cmake)
[0.496s] -- Found rosidl_generator_cpp: 3.1.7 (/opt/ros/humble/share/rosidl_generator_cpp/cmake)
[0.521s] -- Using all available rosidl_typesupport_c: rosidl_typesupport_fastrtps_c;rosidl_typesupport_introspection_c
[0.548s] -- Using all available rosidl_typesupport_cpp: rosidl_typesupport_fastrtps_cpp;rosidl_typesupport_introspection_cpp
[0.623s] -- Found rmw_implementation_cmake: 6.1.2 (/opt/ros/humble/share/rmw_implementation_cmake/cmake)
[0.629s] -- Found rmw_fastrtps_cpp: 6.2.9 (/opt/ros/humble/share/rmw_fastrtps_cpp/cmake)
[0.761s] -- Found OpenSSL: /usr/lib/x86_64-linux-gnu/libcrypto.so (found version "3.0.2")  
[0.787s] -- Found FastRTPS: /opt/ros/humble/include  
[0.815s] -- Using RMW implementation 'rmw_fastrtps_cpp' as default
[0.831s] -- Looking for pthread.h
[0.927s] -- Looking for pthread.h - found
[0.927s] -- Performing Test CMAKE_HAVE_LIBC_PTHREAD
[1.006s] -- Performing Test CMAKE_HAVE_LIBC_PTHREAD - Success
[1.006s] -- Found Threads: TRUE  
[1.100s] -- Found sensor_msgs: 4.9.0 (/opt/ros/humble/share/sensor_msgs/cmake)
[1.201s] -- Configuring done
[1.209s] -- Generating done
[1.212s] -- Build files have been written to: /home/amir/Robotics_project2./build/mujoco_ros2
[1.217s] Invoked command in '/home/amir/Robotics_project2./build/mujoco_ros2' returned '0': CMAKE_PREFIX_PATH=${CMAKE_PREFIX_PATH}:/opt/ros/humble /usr/bin/cmake /home/amir/Robotics_project2./src/mujoco_ros2 -DCMAKE_INSTALL_PREFIX=/home/amir/Robotics_project2./install/mujoco_ros2
[1.220s] Invoking command in '/home/amir/Robotics_project2./build/mujoco_ros2': CMAKE_PREFIX_PATH=${CMAKE_PREFIX_PATH}:/opt/ros/humble /usr/bin/cmake --build /home/amir/Robotics_project2./build/mujoco_ros2 -- -j6 -l6
[1.267s] [ 33%] [32mBuilding CXX object CMakeFiles/mujoco_node.dir/src/nodes/mujoco_node.cpp.o[0m
[1.267s] [ 66%] [32mBuilding CXX object CMakeFiles/mujoco_node.dir/src/mujoco_ros.cpp.o[0m
[9.830s] [100%] [32m[1mLinking CXX executable mujoco_node[0m
[12.445s] [100%] Built target mujoco_node
[12.456s] Invoked command in '/home/amir/Robotics_project2./build/mujoco_ros2' returned '0': CMAKE_PREFIX_PATH=${CMAKE_PREFIX_PATH}:/opt/ros/humble /usr/bin/cmake --build /home/amir/Robotics_project2./build/mujoco_ros2 -- -j6 -l6
[12.464s] Invoking command in '/home/amir/Robotics_project2./build/mujoco_ros2': CMAKE_PREFIX_PATH=${CMAKE_PREFIX_PATH}:/opt/ros/humble /usr/bin/cmake --install /home/amir/Robotics_project2./build/mujoco_ros2
[12.470s] -- Install configuration: ""
[12.504s] -- Installing: /home/amir/Robotics_project2./install/mujoco_ros2/lib/mujoco_ros2/mujoco_node
[12.504s] -- Set runtime path of "/home/amir/Robotics_project2./install/mujoco_ros2/lib/mujoco_ros2/mujoco_node" to ""
[12.504s] -- Up-to-date: /home/amir/Robotics_project2./install/mujoco_ros2/share/mujoco_ros2/launch
[12.504s] -- Installing: /home/amir/Robotics_project2./install/mujoco_ros2/share/mujoco_ros2/launch/example.py
[12.504s] -- Installing: /home/amir/Robotics_project2./install/mujoco_ros2/share/mujoco_ros2/launch/robot.py
[12.504s] -- Up-to-date: /home/amir/Robotics_project2./install/mujoco_ros2/share/mujoco_ros2/model
[12.504s] -- Installing: /home/amir/Robotics_project2./install/mujoco_ros2/share/mujoco_ros2/model/CHANGELOG.md
[12.504s] -- Installing: /home/amir/Robotics_project2./install/mujoco_ros2/share/mujoco_ros2/model/universal_robots_ur5e
[12.504s] -- Installing: /home/amir/Robotics_project2./install/mujoco_ros2/share/mujoco_ros2/model/ur5e.png
[12.528s] -- Installing: /home/amir/Robotics_project2./install/mujoco_ros2/share/mujoco_ros2/model/ur5e.xml
[12.528s] -- Installing: /home/amir/Robotics_project2./install/mujoco_ros2/share/mujoco_ros2/model/README.md
[12.528s] -- Installing: /home/amir/Robotics_project2./install/mujoco_ros2/share/mujoco_ros2/model/scene.xml
[12.528s] -- Up-to-date: /home/amir/Robotics_project2./install/mujoco_ros2/share/mujoco_ros2/model/assets
[12.529s] -- Installing: /home/amir/Robotics_project2./install/mujoco_ros2/share/mujoco_ros2/model/assets/forearm_3.obj
[12.529s] -- Installing: /home/amir/Robotics_project2./install/mujoco_ros2/share/mujoco_ros2/model/assets/wrist1_1.obj
[12.529s] -- Installing: /home/amir/Robotics_project2./install/mujoco_ros2/share/mujoco_ros2/model/assets/shoulder_0.obj
[12.530s] -- Installing: /home/amir/Robotics_project2./install/mujoco_ros2/share/mujoco_ros2/model/assets/forearm_1.obj
[12.530s] -- Installing: /home/amir/Robotics_project2./install/mujoco_ros2/share/mujoco_ros2/model/assets/wrist1_0.obj
[12.530s] -- Installing: /home/amir/Robotics_project2./install/mujoco_ros2/share/mujoco_ros2/model/assets/upperarm_1.obj
[12.530s] -- Installing: /home/amir/Robotics_project2./install/mujoco_ros2/share/mujoco_ros2/model/assets/shoulder_1.obj
[12.530s] -- Installing: /home/amir/Robotics_project2./install/mujoco_ros2/share/mujoco_ros2/model/assets/forearm_0.obj
[12.531s] -- Installing: /home/amir/Robotics_project2./install/mujoco_ros2/share/mujoco_ros2/model/assets/wrist2_1.obj
[12.531s] -- Installing: /home/amir/Robotics_project2./install/mujoco_ros2/share/mujoco_ros2/model/assets/base_0.obj
[12.531s] -- Installing: /home/amir/Robotics_project2./install/mujoco_ros2/share/mujoco_ros2/model/assets/wrist3.obj
[12.531s] -- Installing: /home/amir/Robotics_project2./install/mujoco_ros2/share/mujoco_ros2/model/assets/forearm_2.obj
[12.531s] -- Installing: /home/amir/Robotics_project2./install/mujoco_ros2/share/mujoco_ros2/model/assets/shoulder_2.obj
[12.531s] -- Installing: /home/amir/Robotics_project2./install/mujoco_ros2/share/mujoco_ros2/model/assets/upperarm_3.obj
[12.531s] -- Installing: /home/amir/Robotics_project2./install/mujoco_ros2/share/mujoco_ros2/model/assets/base_1.obj
[12.531s] -- Installing: /home/amir/Robotics_project2./install/mujoco_ros2/share/mujoco_ros2/model/assets/upperarm_2.obj
[12.531s] -- Installing: /home/amir/Robotics_project2./install/mujoco_ros2/share/mujoco_ros2/model/assets/upperarm_0.obj
[12.531s] -- Installing: /home/amir/Robotics_project2./install/mujoco_ros2/share/mujoco_ros2/model/assets/wrist2_2.obj
[12.531s] -- Installing: /home/amir/Robotics_project2./install/mujoco_ros2/share/mujoco_ros2/model/assets/wrist2_0.obj
[12.531s] -- Installing: /home/amir/Robotics_project2./install/mujoco_ros2/share/mujoco_ros2/model/assets/wrist1_2.obj
[12.531s] -- Installing: /home/amir/Robotics_project2./install/mujoco_ros2/share/mujoco_ros2/model/LICENSE
[12.531s] -- Installing: /home/amir/Robotics_project2./install/mujoco_ros2/share/ament_index/resource_index/package_run_dependencies/mujoco_ros2
[12.531s] -- Installing: /home/amir/Robotics_project2./install/mujoco_ros2/share/ament_index/resource_index/parent_prefix_path/mujoco_ros2
[12.531s] -- Installing: /home/amir/Robotics_project2./install/mujoco_ros2/share/mujoco_ros2/environment/ament_prefix_path.sh
[12.531s] -- Installing: /home/amir/Robotics_project2./install/mujoco_ros2/share/mujoco_ros2/environment/ament_prefix_path.dsv
[12.531s] -- Installing: /home/amir/Robotics_project2./install/mujoco_ros2/share/mujoco_ros2/environment/path.sh
[12.533s] -- Installing: /home/amir/Robotics_project2./install/mujoco_ros2/share/mujoco_ros2/environment/path.dsv
[12.533s] -- Installing: /home/amir/Robotics_project2./install/mujoco_ros2/share/mujoco_ros2/local_setup.bash
[12.533s] -- Installing: /home/amir/Robotics_project2./install/mujoco_ros2/share/mujoco_ros2/local_setup.sh
[12.533s] -- Installing: /home/amir/Robotics_project2./install/mujoco_ros2/share/mujoco_ros2/local_setup.zsh
[12.534s] -- Installing: /home/amir/Robotics_project2./install/mujoco_ros2/share/mujoco_ros2/local_setup.dsv
[12.534s] -- Installing: /home/amir/Robotics_project2./install/mujoco_ros2/share/mujoco_ros2/package.dsv
[12.534s] -- Installing: /home/amir/Robotics_project2./install/mujoco_ros2/share/ament_index/resource_index/packages/mujoco_ros2
[12.534s] -- Installing: /home/amir/Robotics_project2./install/mujoco_ros2/share/mujoco_ros2/cmake/mujoco_ros2Config.cmake
[12.534s] -- Installing: /home/amir/Robotics_project2./install/mujoco_ros2/share/mujoco_ros2/cmake/mujoco_ros2Config-version.cmake
[12.534s] -- Installing: /home/amir/Robotics_project2./install/mujoco_ros2/share/mujoco_ros2/package.xml
[12.534s] Invoked command in '/home/amir/Robotics_project2./build/mujoco_ros2' returned '0': CMAKE_PREFIX_PATH=${CMAKE_PREFIX_PATH}:/opt/ros/humble /usr/bin/cmake --install /home/amir/Robotics_project2./build/mujoco_ros2
