-- The C compiler identification is GNU 11.4.0
-- The CXX compiler identification is GNU 11.4.0
-- Detecting C compiler ABI info
-- Detecting C compiler ABI info - done
-- Check for working C compiler: /usr/bin/cc - skipped
-- Detecting C compile features
-- Detecting C compile features - done
-- Detecting CXX compiler ABI info
-- Detecting CXX compiler ABI info - done
-- Check for working CXX compiler: /usr/bin/c++ - skipped
-- Detecting CXX compile features
-- Detecting CXX compile features - done
-- Found ament_cmake: 1.3.12 (/opt/ros/humble/share/ament_cmake/cmake)
-- Found Python3: /usr/bin/python3 (found version "3.10.12") found components: Interpreter 
-- Found rclcpp: 16.0.15 (/opt/ros/humble/share/rclcpp/cmake)
-- Found rosidl_generator_c: 3.1.7 (/opt/ros/humble/share/rosidl_generator_c/cmake)
-- Found rosidl_adapter: 3.1.7 (/opt/ros/humble/share/rosidl_adapter/cmake)
-- Found rosidl_generator_cpp: 3.1.7 (/opt/ros/humble/share/rosidl_generator_cpp/cmake)
-- Using all available rosidl_typesupport_c: rosidl_typesupport_fastrtps_c;rosidl_typesupport_introspection_c
-- Using all available rosidl_typesupport_cpp: rosidl_typesupport_fastrtps_cpp;rosidl_typesupport_introspection_cpp
-- Found rmw_implementation_cmake: 6.1.2 (/opt/ros/humble/share/rmw_implementation_cmake/cmake)
-- Found rmw_fastrtps_cpp: 6.2.9 (/opt/ros/humble/share/rmw_fastrtps_cpp/cmake)
-- Found OpenSSL: /usr/lib/x86_64-linux-gnu/libcrypto.so (found version "3.0.2")  
-- Found FastRTPS: /opt/ros/humble/include  
-- Using RMW implementation 'rmw_fastrtps_cpp' as default
-- Looking for pthread.h
-- Looking for pthread.h - found
-- Performing Test CMAKE_HAVE_LIBC_PTHREAD
-- Performing Test CMAKE_HAVE_LIBC_PTHREAD - Success
-- Found Threads: TRUE  
-- Found sensor_msgs: 4.9.0 (/opt/ros/humble/share/sensor_msgs/cmake)
-- Using MuJoCo from: /usr/local/mujoco-3.2.0
-- Configuring done
-- Generating done
-- Build files have been written to: /home/ali/Desktop/Ali engineering/GUC/Semester 10/Robotics/Robotics_project/build/mujoco_ros2
[ 33%] [32mBuilding CXX object CMakeFiles/mujoco_node.dir/src/mujoco_ros.cpp.o[0m
[ 66%] [32mBuilding CXX object CMakeFiles/mujoco_node.dir/src/nodes/mujoco_node.cpp.o[0m
[ 66%] Built target ament_cmake_python_copy_mujoco_ros2
running egg_info
creating mujoco_ros2.egg-info
writing mujoco_ros2.egg-info/PKG-INFO
writing dependency_links to mujoco_ros2.egg-info/dependency_links.txt
writing top-level names to mujoco_ros2.egg-info/top_level.txt
writing manifest file 'mujoco_ros2.egg-info/SOURCES.txt'
reading manifest file 'mujoco_ros2.egg-info/SOURCES.txt'
writing manifest file 'mujoco_ros2.egg-info/SOURCES.txt'
[ 66%] Built target ament_cmake_python_build_mujoco_ros2_egg
[100%] [32m[1mLinking CXX executable mujoco_node[0m
[100%] Built target mujoco_node
-- Install configuration: ""
-- Installing: /home/ali/Desktop/Ali engineering/GUC/Semester 10/Robotics/Robotics_project/install/mujoco_ros2/lib/mujoco_ros2/mujoco_node
-- Set runtime path of "/home/ali/Desktop/Ali engineering/GUC/Semester 10/Robotics/Robotics_project/install/mujoco_ros2/lib/mujoco_ros2/mujoco_node" to ""
-- Installing: /home/ali/Desktop/Ali engineering/GUC/Semester 10/Robotics/Robotics_project/install/mujoco_ros2/share/mujoco_ros2/launch
-- Installing: /home/ali/Desktop/Ali engineering/GUC/Semester 10/Robotics/Robotics_project/install/mujoco_ros2/share/mujoco_ros2/launch/example.py
-- Installing: /home/ali/Desktop/Ali engineering/GUC/Semester 10/Robotics/Robotics_project/install/mujoco_ros2/share/mujoco_ros2/model
-- Installing: /home/ali/Desktop/Ali engineering/GUC/Semester 10/Robotics/Robotics_project/install/mujoco_ros2/share/mujoco_ros2/model/CHANGELOG.md
-- Installing: /home/ali/Desktop/Ali engineering/GUC/Semester 10/Robotics/Robotics_project/install/mujoco_ros2/share/mujoco_ros2/model/two_link_planar.xml
-- Installing: /home/ali/Desktop/Ali engineering/GUC/Semester 10/Robotics/Robotics_project/install/mujoco_ros2/share/mujoco_ros2/model/ur5e.xml
-- Installing: /home/ali/Desktop/Ali engineering/GUC/Semester 10/Robotics/Robotics_project/install/mujoco_ros2/share/mujoco_ros2/model/LICENSE
-- Installing: /home/ali/Desktop/Ali engineering/GUC/Semester 10/Robotics/Robotics_project/install/mujoco_ros2/share/mujoco_ros2/model/scene.xml
-- Installing: /home/ali/Desktop/Ali engineering/GUC/Semester 10/Robotics/Robotics_project/install/mujoco_ros2/share/mujoco_ros2/model/assets
-- Installing: /home/ali/Desktop/Ali engineering/GUC/Semester 10/Robotics/Robotics_project/install/mujoco_ros2/share/mujoco_ros2/model/assets/wrist1_0.obj
-- Installing: /home/ali/Desktop/Ali engineering/GUC/Semester 10/Robotics/Robotics_project/install/mujoco_ros2/share/mujoco_ros2/model/assets/wrist3.obj
-- Installing: /home/ali/Desktop/Ali engineering/GUC/Semester 10/Robotics/Robotics_project/install/mujoco_ros2/share/mujoco_ros2/model/assets/upperarm_0.obj
-- Installing: /home/ali/Desktop/Ali engineering/GUC/Semester 10/Robotics/Robotics_project/install/mujoco_ros2/share/mujoco_ros2/model/assets/shoulder_1.obj
-- Installing: /home/ali/Desktop/Ali engineering/GUC/Semester 10/Robotics/Robotics_project/install/mujoco_ros2/share/mujoco_ros2/model/assets/wrist2_2.obj
-- Installing: /home/ali/Desktop/Ali engineering/GUC/Semester 10/Robotics/Robotics_project/install/mujoco_ros2/share/mujoco_ros2/model/assets/wrist1_1.obj
-- Installing: /home/ali/Desktop/Ali engineering/GUC/Semester 10/Robotics/Robotics_project/install/mujoco_ros2/share/mujoco_ros2/model/assets/base_0.obj
-- Installing: /home/ali/Desktop/Ali engineering/GUC/Semester 10/Robotics/Robotics_project/install/mujoco_ros2/share/mujoco_ros2/model/assets/shoulder_2.obj
-- Installing: /home/ali/Desktop/Ali engineering/GUC/Semester 10/Robotics/Robotics_project/install/mujoco_ros2/share/mujoco_ros2/model/assets/wrist1_2.obj
-- Installing: /home/ali/Desktop/Ali engineering/GUC/Semester 10/Robotics/Robotics_project/install/mujoco_ros2/share/mujoco_ros2/model/assets/shoulder_0.obj
-- Installing: /home/ali/Desktop/Ali engineering/GUC/Semester 10/Robotics/Robotics_project/install/mujoco_ros2/share/mujoco_ros2/model/assets/forearm_1.obj
-- Installing: /home/ali/Desktop/Ali engineering/GUC/Semester 10/Robotics/Robotics_project/install/mujoco_ros2/share/mujoco_ros2/model/assets/forearm_2.obj
-- Installing: /home/ali/Desktop/Ali engineering/GUC/Semester 10/Robotics/Robotics_project/install/mujoco_ros2/share/mujoco_ros2/model/assets/forearm_3.obj
-- Installing: /home/ali/Desktop/Ali engineering/GUC/Semester 10/Robotics/Robotics_project/install/mujoco_ros2/share/mujoco_ros2/model/assets/forearm_0.obj
-- Installing: /home/ali/Desktop/Ali engineering/GUC/Semester 10/Robotics/Robotics_project/install/mujoco_ros2/share/mujoco_ros2/model/assets/wrist2_1.obj
-- Installing: /home/ali/Desktop/Ali engineering/GUC/Semester 10/Robotics/Robotics_project/install/mujoco_ros2/share/mujoco_ros2/model/assets/base_1.obj
-- Installing: /home/ali/Desktop/Ali engineering/GUC/Semester 10/Robotics/Robotics_project/install/mujoco_ros2/share/mujoco_ros2/model/assets/upperarm_3.obj
-- Installing: /home/ali/Desktop/Ali engineering/GUC/Semester 10/Robotics/Robotics_project/install/mujoco_ros2/share/mujoco_ros2/model/assets/upperarm_1.obj
-- Installing: /home/ali/Desktop/Ali engineering/GUC/Semester 10/Robotics/Robotics_project/install/mujoco_ros2/share/mujoco_ros2/model/assets/wrist2_0.obj
-- Installing: /home/ali/Desktop/Ali engineering/GUC/Semester 10/Robotics/Robotics_project/install/mujoco_ros2/share/mujoco_ros2/model/assets/upperarm_2.obj
-- Installing: /home/ali/Desktop/Ali engineering/GUC/Semester 10/Robotics/Robotics_project/install/mujoco_ros2/share/mujoco_ros2/model/ur5e.png
-- Installing: /home/ali/Desktop/Ali engineering/GUC/Semester 10/Robotics/Robotics_project/install/mujoco_ros2/share/mujoco_ros2/model/README.md
-- Installing: /home/ali/Desktop/Ali engineering/GUC/Semester 10/Robotics/Robotics_project/install/mujoco_ros2/share/mujoco_ros2/environment/pythonpath.sh
-- Installing: /home/ali/Desktop/Ali engineering/GUC/Semester 10/Robotics/Robotics_project/install/mujoco_ros2/share/mujoco_ros2/environment/pythonpath.dsv
-- Installing: /home/ali/Desktop/Ali engineering/GUC/Semester 10/Robotics/Robotics_project/install/mujoco_ros2/local/lib/python3.10/dist-packages/mujoco_ros2-0.0.0-py3.10.egg-info
-- Installing: /home/ali/Desktop/Ali engineering/GUC/Semester 10/Robotics/Robotics_project/install/mujoco_ros2/local/lib/python3.10/dist-packages/mujoco_ros2-0.0.0-py3.10.egg-info/dependency_links.txt
-- Installing: /home/ali/Desktop/Ali engineering/GUC/Semester 10/Robotics/Robotics_project/install/mujoco_ros2/local/lib/python3.10/dist-packages/mujoco_ros2-0.0.0-py3.10.egg-info/top_level.txt
-- Installing: /home/ali/Desktop/Ali engineering/GUC/Semester 10/Robotics/Robotics_project/install/mujoco_ros2/local/lib/python3.10/dist-packages/mujoco_ros2-0.0.0-py3.10.egg-info/SOURCES.txt
-- Installing: /home/ali/Desktop/Ali engineering/GUC/Semester 10/Robotics/Robotics_project/install/mujoco_ros2/local/lib/python3.10/dist-packages/mujoco_ros2-0.0.0-py3.10.egg-info/PKG-INFO
-- Installing: /home/ali/Desktop/Ali engineering/GUC/Semester 10/Robotics/Robotics_project/install/mujoco_ros2/local/lib/python3.10/dist-packages/mujoco_ros2
-- Installing: /home/ali/Desktop/Ali engineering/GUC/Semester 10/Robotics/Robotics_project/install/mujoco_ros2/local/lib/python3.10/dist-packages/mujoco_ros2/__init__.py
-- Installing: /home/ali/Desktop/Ali engineering/GUC/Semester 10/Robotics/Robotics_project/install/mujoco_ros2/local/lib/python3.10/dist-packages/mujoco_ros2/fk_ur5e.py
-- Installing: /home/ali/Desktop/Ali engineering/GUC/Semester 10/Robotics/Robotics_project/install/mujoco_ros2/local/lib/python3.10/dist-packages/mujoco_ros2/ik_controller.py
-- Installing: /home/ali/Desktop/Ali engineering/GUC/Semester 10/Robotics/Robotics_project/install/mujoco_ros2/local/lib/python3.10/dist-packages/mujoco_ros2/kinematics_derivations.py
-- Installing: /home/ali/Desktop/Ali engineering/GUC/Semester 10/Robotics/Robotics_project/install/mujoco_ros2/local/lib/python3.10/dist-packages/mujoco_ros2/ik_ur5e.py
Listing '/home/ali/Desktop/Ali engineering/GUC/Semester 10/Robotics/Robotics_project/install/mujoco_ros2/local/lib/python3.10/dist-packages/mujoco_ros2'...
Compiling '/home/ali/Desktop/Ali engineering/GUC/Semester 10/Robotics/Robotics_project/install/mujoco_ros2/local/lib/python3.10/dist-packages/mujoco_ros2/__init__.py'...
Compiling '/home/ali/Desktop/Ali engineering/GUC/Semester 10/Robotics/Robotics_project/install/mujoco_ros2/local/lib/python3.10/dist-packages/mujoco_ros2/fk_ur5e.py'...
Compiling '/home/ali/Desktop/Ali engineering/GUC/Semester 10/Robotics/Robotics_project/install/mujoco_ros2/local/lib/python3.10/dist-packages/mujoco_ros2/ik_controller.py'...
Compiling '/home/ali/Desktop/Ali engineering/GUC/Semester 10/Robotics/Robotics_project/install/mujoco_ros2/local/lib/python3.10/dist-packages/mujoco_ros2/ik_ur5e.py'...
Compiling '/home/ali/Desktop/Ali engineering/GUC/Semester 10/Robotics/Robotics_project/install/mujoco_ros2/local/lib/python3.10/dist-packages/mujoco_ros2/kinematics_derivations.py'...
-- Installing: /home/ali/Desktop/Ali engineering/GUC/Semester 10/Robotics/Robotics_project/install/mujoco_ros2/share/ament_index/resource_index/package_run_dependencies/mujoco_ros2
-- Installing: /home/ali/Desktop/Ali engineering/GUC/Semester 10/Robotics/Robotics_project/install/mujoco_ros2/share/ament_index/resource_index/parent_prefix_path/mujoco_ros2
-- Installing: /home/ali/Desktop/Ali engineering/GUC/Semester 10/Robotics/Robotics_project/install/mujoco_ros2/share/mujoco_ros2/environment/ament_prefix_path.sh
-- Installing: /home/ali/Desktop/Ali engineering/GUC/Semester 10/Robotics/Robotics_project/install/mujoco_ros2/share/mujoco_ros2/environment/ament_prefix_path.dsv
-- Installing: /home/ali/Desktop/Ali engineering/GUC/Semester 10/Robotics/Robotics_project/install/mujoco_ros2/share/mujoco_ros2/environment/path.sh
-- Installing: /home/ali/Desktop/Ali engineering/GUC/Semester 10/Robotics/Robotics_project/install/mujoco_ros2/share/mujoco_ros2/environment/path.dsv
-- Installing: /home/ali/Desktop/Ali engineering/GUC/Semester 10/Robotics/Robotics_project/install/mujoco_ros2/share/mujoco_ros2/local_setup.bash
-- Installing: /home/ali/Desktop/Ali engineering/GUC/Semester 10/Robotics/Robotics_project/install/mujoco_ros2/share/mujoco_ros2/local_setup.sh
-- Installing: /home/ali/Desktop/Ali engineering/GUC/Semester 10/Robotics/Robotics_project/install/mujoco_ros2/share/mujoco_ros2/local_setup.zsh
-- Installing: /home/ali/Desktop/Ali engineering/GUC/Semester 10/Robotics/Robotics_project/install/mujoco_ros2/share/mujoco_ros2/local_setup.dsv
-- Installing: /home/ali/Desktop/Ali engineering/GUC/Semester 10/Robotics/Robotics_project/install/mujoco_ros2/share/mujoco_ros2/package.dsv
-- Installing: /home/ali/Desktop/Ali engineering/GUC/Semester 10/Robotics/Robotics_project/install/mujoco_ros2/share/ament_index/resource_index/packages/mujoco_ros2
-- Installing: /home/ali/Desktop/Ali engineering/GUC/Semester 10/Robotics/Robotics_project/install/mujoco_ros2/share/mujoco_ros2/cmake/mujoco_ros2Config.cmake
-- Installing: /home/ali/Desktop/Ali engineering/GUC/Semester 10/Robotics/Robotics_project/install/mujoco_ros2/share/mujoco_ros2/cmake/mujoco_ros2Config-version.cmake
-- Installing: /home/ali/Desktop/Ali engineering/GUC/Semester 10/Robotics/Robotics_project/install/mujoco_ros2/share/mujoco_ros2/package.xml
